reset_timestep 0

unfix 4
fix 4 gpCTbd move linear -$v 0 0 units box  # cutting speed = v * 100 (m s^-1 in the x-direction)
fix 4 gpCTbd move linear -1.0 0 0 units box  

# Output strain and stress info to file
# for units metal, pressure is in [bars] = 100 [kPa] = 1/10000 [GPa]
# p2, p3, p4 are in GPa


dump	 0dumpCSP all custom  500 ${respath}/dump.cutsic.*.lammpstrj id type mol x y z vx vy vz f_12
dump	 0dumpCSP all custom  500 1.0x100_m_s-1_SiC_EA/dump.cutsic.*.lammpstrj id type mol x y z vx vy vz f_12
  #c_atomdisp[4] c_atomstres[1] c_atomstres[2] c_atomstres[3] c_atomstres[4] c_atomstres[5] c_atomstres[6]
dump_modify 0dumpCSP element C Si C

write_restart cut_sic_re_eq.0000.restart
No /omp style for force computation currently active
WARNING: One or more atoms are time integrated more than once (../modify_cuda.cpp:225)
restart 10000 ${respath}/restart_files/cut_sic.*.restart
restart 10000 1.0x100_m_s-1_SiC_EA/restart_files/cut_sic.*.restart

# For the cutting advancement of 20 nm
variable Nstep equal ceil(400000/$v)
variable Nstep equal ceil(400000/1.0)
run ${Nstep}
run 400000
No /omp style for force computation currently active
WARNING: One or more atoms are time integrated more than once (../modify_cuda.cpp:225)
Memory usage per processor = 74.533 Mbytes
Step myCTtemp myWPtemp Press TotEng Fmax Fnorm 
       0    319.01838    359.72952    4791.0207   -1020761.7    7.4110873    828.99388 
WARNING: # CUDA: You asked for a Verlet integration using Cuda, but several fixes have not yet been ported to Cuda.
This can cause a severe speed penalty due to frequent data synchronization between host and GPU. (../verlet_cuda.cpp:629)
     500    321.66022    359.69445   -3724.1509   -1020634.2    6.2857479    821.05843 
    1000    308.71127    360.55759   -8525.4069   -1020596.6    7.6674161    817.52085 
    1500    305.56073    372.21853   -7417.6279   -1020575.4    7.8945893    821.24218 
    2000    306.85157    368.57699   -2581.9162     -1020612    6.6543402    826.29342 
    2500    315.80303    367.69487    3174.2588     -1020621    7.8422942    833.47054 
    3000    316.99679    389.89826    3841.8631   -1020640.7    6.5688557    831.64038 
    3500    309.75407    369.73777    957.77078   -1020583.7    8.2360986     830.1106 
    4000    304.50684    355.59432   -843.70666   -1020499.2     6.890471    828.98563 
    4500    304.64876    387.82511   -2114.8738   -1020450.9    6.9161143    827.28858 
    5000    310.45003    388.59067   -2865.8442   -1020453.6    9.0329524    827.56466 
    5500    311.96415    370.42597   -2437.9932   -1020507.1    8.1677394    828.57538 
    6000    308.36209    384.65745   -4172.7876   -1020557.2     8.060138     826.2318 
    6500    301.36079    383.16251   -4987.5117   -1020587.5    7.6228441    825.50092 
    7000    306.06904      378.301   -1165.9173   -1020596.2       7.5064    829.66104 
    7500    311.93934    375.26545    2101.0216   -1020591.4    6.8853657    831.20269 
    8000     311.3627    387.86638     5603.245   -1020538.6     8.220929    836.40241 
    8500    306.24719    392.82689    2764.6372   -1020477.2    7.1931027    832.66555 
    9000    303.28998    381.85332   -2503.7718     -1020429    8.6487311    826.66453 
    9500    302.40206    364.39647   -7139.0709   -1020415.3    11.975021    824.15263 
   10000    308.14474    390.37847   -6235.2248   -1020443.2    8.2669361    825.73159 
   10500    313.62326    394.59348    -2534.355   -1020548.6    7.7828673    826.39402 
   11000    311.30425    371.23736    4423.2853   -1020597.4    8.6247945     833.3221 
   11500    304.55446    386.07365    3854.4672   -1020568.8    7.8654378    832.32327 
   12000    304.34376    396.97787   -609.55152   -1020491.4    7.7422642    827.42826 
   12500    310.44078    372.77948   -3715.9626   -1020434.3    7.5096024    824.91466 
   13000    309.63241    381.84341   -4108.4166   -1020420.6     7.093403    826.57391 
   13500    306.76338    402.15235   -2994.0173   -1020458.6    7.0455643     826.6166 
   14000    298.76811    392.67642   -400.36131   -1020517.6    7.9049537    828.32631 
   14500    301.15915    384.99282   -848.05221   -1020578.8    8.1280237    828.71421 
   15000    305.91294    379.53643   -3268.7197   -1020600.2    9.5200537    826.79069 
   15500    310.82859    388.11578   -1715.7531   -1020546.7    9.3375144    827.98556 
   16000    302.44665    396.21694    1847.1916     -1020508    8.7042519    831.57861 
   16500    299.16707    382.06562    3898.1405   -1020450.1    8.4328609    834.79809 
   17000    301.21303     391.1298    2765.7356   -1020386.5    9.8243568    833.59989 
   17500    309.19328    402.19804   -2607.2195   -1020374.7    9.5195046    827.66684 
   18000    308.74392    374.62648   -7622.6153   -1020423.3    7.1560817    823.42853 
   18500    306.49733    376.87574    -6212.321     -1020491    8.6275852    825.81321 
   19000     301.8079    397.58936   -1537.2173   -1020530.6    8.5241278    827.89431 
   19500    304.31272    396.14087    2983.4862   -1020548.5    9.1305302    832.14287 
   20000    307.53681    386.88051    2705.1345     -1020523    7.2653354    833.52687 
   20500    312.60118     392.3725   -520.98137   -1020458.7    8.8045817    829.95865 
   21000     310.6726    388.89655   -3875.3164   -1020410.5    9.1278517    826.29029 
   21500    302.72866    391.81264   -2499.3718   -1020400.7     7.880672    828.54149 
   22000    303.53393    385.85829   -1156.7655   -1020450.9    7.4831043    831.02504 
   22500    307.22854    395.18546    93.095016   -1020497.2    7.6088649    831.47637 
   23000    313.25795    401.34649   -1651.3297   -1020530.7    8.5970339    830.55955 
   23500    307.87905    389.03946   -3259.6816   -1020506.7    7.9369482    828.07795 
   24000    301.51212    378.77458   -2215.9881   -1020443.2    7.7571932    830.05745 
   24500    300.04025    401.19068    1696.2876   -1020363.4    8.6969879    834.58901 
   25000    309.94307     399.0531     1942.644   -1020336.8    9.3089201    833.70555 
   25500    311.14266    382.16808    738.96941   -1020362.8    9.8020722    832.24439 
   26000    304.64665    393.00568   -4070.2365     -1020431    8.1994277      828.837 
   26500    300.10165    394.86694   -6999.5911   -1020481.1    9.1686424    826.31718 
   27000    305.35183    387.02507    -4849.138   -1020517.3    7.4948043    827.25016 
   27500    308.94325    391.03655    956.48144     -1020528    15.531272    835.45249 
   28000    311.64498    396.35989     3659.165   -1020498.2    7.1686338    835.41835 
   28500    308.65496    399.68683    4647.6815   -1020422.7    8.5432808     835.5024 
   29000    305.63364    394.24407    1380.1113     -1020376    7.4084973    833.12682 
   29500    304.85034    379.95196   -2961.9203   -1020359.4    8.6789799    828.59611 
   30000    309.09055    395.59241   -2683.4363   -1020387.3      8.06639    830.26695 
   30500    313.93448    407.02667   -425.29532   -1020436.3    8.8174269    831.45616 
   31000    310.46226    382.39444    1603.8554     -1020502     8.918805    834.35875 
   31500    305.15309    402.83721     1318.403   -1020463.8    7.3735222      834.597 
   32000    305.18147    401.46714    1483.2221   -1020407.8    7.0318922     834.3813 
   32500     308.4547    381.15995    104.46628   -1020360.1    7.4817003    832.90964 
   33000    310.10825    393.44886    2063.0652   -1020327.5    8.3140776    834.09085 
   33500    306.82975    409.16721     3080.279   -1020336.2    7.2540356    836.81394 
   34000    300.02655    397.21446    2967.7748   -1020388.5    9.5125913    840.51352 
   34500    306.12472    397.33487   -265.65481   -1020435.1    8.6139668    832.49358 
   35000    307.91931    393.24745   -1371.9042   -1020445.8    7.5607065    831.50044 
   35500    305.98725    397.52069    873.59418   -1020425.3    7.1542957    833.82036 
   36000    302.61764    397.89382     7230.794   -1020354.3    8.0384444    841.52445 
   36500    302.69929    391.65676    10318.286   -1020275.2    8.2966604    842.78179 
   37000    306.03323    406.08664    9180.2662   -1020192.6    8.2155497    841.84892 
   37500     306.5456    407.61003    4836.1377   -1020171.6    8.2379304    838.54136 
   38000    304.82121    381.53271    513.14316   -1020177.3     8.758584    837.67436 
   38500    304.22547    399.36656    1336.0755   -1020210.8    7.8306119    837.85791 
   39000    304.07349     413.9475    6393.5615   -1020225.9    7.8950259    842.65453 
   39500    307.73723    396.95886    10341.372   -1020212.5    10.308132    845.73776 
   40000    309.09325    393.08786    10356.837   -1020152.1     8.762908     845.6057 
   40500     307.4916    400.81553    7829.3699   -1020084.2    12.598092     842.3468 
   41000    306.70181    396.97654    5573.1377   -1020021.5    9.5241674    840.33998 
   41500    309.13028    400.95133     7552.228   -1019984.9    10.243195    843.70237 
   42000    310.55219     405.7177    10956.184   -1020011.9    9.5891602    849.22878 
   42500    312.84066    415.33071    11373.768   -1020026.4    10.034115    848.18683 
   43000    308.00399      401.725    9620.7084   -1019972.3    10.025673    846.28037 
   43500    306.81888    393.10972    9339.9358     -1019903    7.8155905     844.4026 
   44000    305.09728    404.88859    11087.664   -1019810.3    8.5690076    849.25661 
   44500    312.05448    418.93239    15398.012   -1019729.6    10.299723    853.45303 
   45000    312.35789     398.7549    16714.728   -1019673.5    10.945236    856.24965 
   45500    309.42942    415.48062    13943.558   -1019642.2    9.0747395    852.63701 
   46000    304.94105    414.74207     10226.49   -1019615.9      9.38618    853.65561 
   46500    309.60342    398.11096    10183.148   -1019604.8    13.256254    854.03994 
   47000    314.89618    404.70919    13140.318   -1019577.9    9.4049084    856.46214 
   47500     311.6979    420.99688     18001.96   -1019529.6    9.2376082    861.21175 
   48000     308.2827    410.79035    20590.302   -1019468.5    9.2887664    865.00341 
   48500    311.88538    402.91642    19337.613   -1019395.9    11.325839    861.05102 
   49000    315.01301    406.45358    16306.938   -1019305.7    10.249521    858.77656 
   49500    315.91202    411.57507    16657.298   -1019225.9    10.486593     861.5579 
   50000    312.18379    408.82227    19507.686   -1019166.8    10.037044    863.81879 
   50500    311.52721     402.5451    22519.884   -1019145.8    11.705449    866.14257 
   51000    312.83126    418.38799    23400.325   -1019086.8    10.138383    868.06345 
   51500    316.37964    413.50551    22822.841     -1018997     16.50211    866.88527 
   52000    314.09841    392.84056    22855.957   -1018900.2    12.165968    864.63063 
   52500    312.30628    403.31747    24758.779   -1018769.6    10.257562    865.86741 
   53000    309.40268    416.17912    26732.997     -1018688    10.850961     868.2012 
   53500      310.197    405.49826    27642.061     -1018603    12.243165    875.00561 
   54000     314.9415     403.9918    26654.685   -1018520.6    11.868812    872.45051 
   54500    315.81153    411.72041    26886.506   -1018472.4    13.821293    871.13614 
   55000    309.01577    402.94798     27974.66     -1018416    10.879155     870.4824 
   55500     309.6831     399.8173    31005.476   -1018307.8    12.665501    871.59245 
   56000    314.31069     409.9879    33986.369   -1018145.3    11.334093    874.82703 
   56500    316.39763    411.01116    34437.446   -1017995.3    11.717878     877.7444 
   57000     313.4208    405.45073    32868.179   -1017847.3    11.881683    877.49893 
   57500     312.8133    404.23294    30755.352   -1017724.9    12.801239    877.87746 
   58000    314.31099     412.6015    31445.029   -1017646.9    15.408659    878.25793 
   58500    318.03164     419.2472     34699.97   -1017547.9    11.367459    880.93977 
   59000    320.89859    411.91978    37997.101   -1017460.1    13.657699    886.11902 
   59500    318.61321    423.98359    38552.882   -1017331.5    11.490903    890.26701 
   60000    317.56935    439.21382     35692.09   -1017183.7    13.137835    891.85673 
   60500    321.91915    420.68711    32407.426     -1017041     14.56311     890.7768 
   61000    329.20838    426.08279    32237.316   -1016923.3     11.45529    890.62378 
   61500    333.45451    450.24784    37166.759   -1016831.2    18.010642    894.92619 
   62000    323.49914    429.21232    41795.843   -1016758.8    12.254956    900.35981 
   62500    324.86023    424.68436    42724.333   -1016661.2    12.435756    900.99808 
   63000     329.5992    433.52269    39759.037   -1016569.7    12.153036     895.7244 
   63500    326.86912    422.40041    38134.075   -1016417.7    21.012787    894.60937 
   64000    323.83755    427.47777    39617.653   -1016267.2    14.434574    895.83661 
   64500     326.2276    424.02041     44820.16   -1016108.3    10.180005    898.58314 
   65000    326.60942    430.32181    48092.355   -1015962.1    13.285883    903.29678 
   65500    325.59428    431.70845     46592.42   -1015822.9    10.507243    900.54955 
   66000    327.80148     415.3102    43740.249   -1015714.2    14.592003    899.29153 
   66500    325.53762    418.25695    42378.156   -1015620.7    10.891831    897.95886 
   67000    322.11846    438.04351    44971.731   -1015503.6     18.21353    901.99184 
   67500    322.97578    430.14697    48998.606   -1015364.1    13.784025    906.30962 
   68000     328.3879     431.0815    50467.599     -1015189    14.151271    907.70625 
   68500     330.9939     442.4963    48704.149     -1015016    12.573764     904.9535 
   69000    328.98682    426.98903    47469.131   -1014830.9    16.908376     906.1881 
   69500    324.13049     426.0348    47716.705     -1014700    11.437041    906.76243 
   70000    329.06699    445.17447    49254.346   -1014598.8    15.079966    908.96806 
   70500    334.59802    452.02108    50640.837   -1014489.1    12.765638    916.24667 
   71000    335.49058    451.45286    50376.369   -1014348.5     14.89353    919.04384 
   71500    334.83709    465.59466     48242.16   -1014203.2    13.594533    919.01872 
   72000     334.3763    467.97227    47197.271   -1014062.3    20.875834    924.60602 
   72500    341.74314     479.4531    47627.053   -1013938.4    16.794582    930.77235 
   73000    346.66809    490.76193    48107.188   -1013837.5    26.253179    933.64901 
   73500    346.30597    507.69602    49293.964   -1013763.4    16.406841    941.04754 
   74000    348.02516    511.36661    47722.569   -1013717.1    25.996535    949.80911 
   74500    352.85144    508.51984    45365.801   -1013666.6    27.302254    949.44525 
   75000    356.39136    507.87293    43949.037   -1013623.2    19.396877    951.38646 
   75500    354.26389    519.44269    46889.116   -1013581.3    15.596715    957.41293 
   76000    354.48237    501.13508     50313.91   -1013522.1    15.089971     957.4298 
   76500    354.63809    486.57269    52391.492     -1013477    17.390385    955.69334 
   77000    357.78073    496.55191    51357.926   -1013418.8    22.667156    953.47128 
   77500    356.90682    480.16003    48702.511   -1013374.5    13.924506    950.35725 
   78000    353.51408    465.43755    47977.911     -1013351    17.533557     948.5272 
   78500    350.90245    476.57877    51124.668   -1013305.4    16.340047    952.48281 
   79000    352.58364    476.38018    54878.285   -1013230.1    19.834971    954.42287 
   79500    354.68266    471.09931    56831.162   -1013140.6    14.414143    953.47813 
   80000    351.92016    459.70016    55793.575   -1013022.1    17.446905    952.09708 
   80500    350.08813    464.11498    53505.404   -1012903.3     13.25258    946.93626 
   81000    349.22102    468.79285    53707.836   -1012808.9    15.782547    945.64019 
   81500    350.71958    461.59371    56155.552   -1012732.6    23.486615    951.94261 
   82000    350.92115    468.88145    58874.857   -1012665.8    22.846207    956.00828 
   82500     349.2195    479.20838    58343.153   -1012593.7    15.813525    954.85168 
   83000    349.69145     465.5981    56960.026   -1012494.3    16.556282     955.5633 
   83500    349.34247    465.51675    55632.696   -1012367.4    20.876277     952.6201 
   84000    350.67433    479.09253    57494.298   -1012249.7    14.862454    957.82905 
   84500    350.93389    486.49629    60030.312   -1012152.8    17.758176    963.67788 
   85000    349.16094    477.60026    59612.016   -1012064.8     15.43037    963.29576 
   85500    348.82255     487.0827    57850.901   -1011994.9    17.772699    961.18838 
   86000    348.84057    484.96058    56467.063   -1011936.2    25.008795    965.47094 
   86500     350.5147    480.01458    57542.018   -1011878.9    18.231611    967.59498 
   87000    349.37939    489.19092    59929.609   -1011802.1    19.706539    968.53044 
   87500    350.24501    494.10673    61276.532   -1011708.9     18.51761    968.66145 
   88000    351.97622    497.54899     60759.52   -1011607.2     16.04109    968.72644 
   88500    352.32007     490.1932    58525.246   -1011518.7    17.189664    967.35844 
   89000    354.22837    502.66499    57008.755   -1011452.5    16.522743    969.71519 
   89500    353.32015    507.21403    57645.873   -1011401.8    16.685233    974.31364 
   90000    355.04593    502.21743    58810.787   -1011364.2    16.047163    977.75366 
   90500    359.21621    516.99473    59660.788   -1011332.5    18.032806    977.47451 
   91000     359.0684    526.65922    60586.903   -1011274.5    17.503056     978.9486 
   91500    360.07833    503.12847    59703.216   -1011193.8    20.783381    978.46031 
   92000    359.25131    509.31454    59726.089   -1011107.9    18.765728    980.61456 
   92500    361.06378    515.19378    59970.019   -1011042.8     19.04171    982.88869 
   93000    361.44205    521.19799    60031.788   -1011008.4    14.938679    981.23076 
   93500    361.37522    521.12217    59412.688     -1010984    17.486434    983.34839 
   94000    361.45058    529.57616    59697.438   -1010972.2    18.974568    985.63346 
   94500    364.29041    540.16679    58883.305     -1010936    17.579022    990.29843 
   95000    367.21484    537.44934    59007.826     -1010872    19.951225    989.07913 
   95500    364.74831    533.31003    60190.794   -1010808.6    15.316736    993.86389 
   96000    364.81822    545.63448    62454.874   -1010761.6    15.101804    999.82843 
   96500    365.60119    535.61001    61606.628   -1010731.8    18.380014    994.38524 
   97000    364.90974    533.26797    60978.223   -1010719.2    19.385519    991.42405 
   97500    366.54435    521.55529    61644.924   -1010701.1    16.175236    993.31094 
   98000    363.41007    519.59837    62678.528   -1010669.8    17.238482     992.1695 
   98500    362.35936     513.8667    64724.466   -1010626.4    19.064374    993.64922 
   99000    361.63445    513.00349    67179.587   -1010557.6    20.499635    995.44473 
   99500    362.47755    510.68784    67890.584   -1010476.8    16.432487     993.5775 
  100000    362.16158    500.34667    67742.496   -1010398.3    17.865851    988.58478 
  100500     358.0219    495.38391    68094.579   -1010310.3    16.419589    990.15156 
  101000    360.00415    500.55094    68409.695   -1010240.7    16.877182    989.81103 
  101500    360.75441    500.77776    69592.085   -1010168.8    18.322629    991.49512 
  102000    362.71513    498.09341    70430.533   -1010093.6    23.503446    990.82649 
  102500    361.45323    494.00869    70753.565   -1010016.4    15.639705    989.30962 
  103000    360.01682    495.42425    71414.537   -1009918.2     22.22844    989.61274 
  103500    357.55171    486.67309     72699.11   -1009799.2    20.424169    995.04581 
  104000    360.56998    488.23679     73350.76   -1009691.4    15.479203    991.52248 
  104500    359.05492    498.73167    73049.105   -1009605.8    21.840006    991.21196 
  105000    356.46661    493.29266    72761.997   -1009527.1    18.133906    992.32695 
  105500     356.0797    496.33141    74006.987   -1009458.3    20.352259    994.08587 
  106000    357.39741    498.22794    74113.368   -1009383.7    20.001815    993.21405 
  106500    356.39439    503.55003    74996.168   -1009288.8     17.21867    997.13207 
  107000    357.68199    503.77369    74481.757   -1009186.4    16.128538    998.04466 
  107500    358.68148    505.00907    74128.408   -1009076.4    19.694344    995.98081 
  108000    359.92668    519.86209    74041.248   -1008972.7    18.262826    1000.1741 
  108500    361.93221     528.4998    73394.045   -1008889.5    18.134505    1004.9963 
  109000    362.82581    537.58092    70828.221   -1008829.3    29.780086    1004.1596 
  109500    365.49948    560.31935    70130.942     -1008771    21.476774    1008.6948 
  110000    365.81657    579.75109    68718.558   -1008709.3    22.133748    1013.0865 
  110500    372.58616     587.2705    69148.768     -1008666    19.872374    1016.8592 
  111000    374.85459    598.36945    69194.511   -1008636.5     22.61773    1022.6192 
  111500    374.92321    611.76055    66934.721   -1008602.3    20.478486    1019.8185 
  112000    377.71668    605.17684     64956.32   -1008588.9    23.169283    1019.3633 
  112500     376.8027     610.7949    63652.958   -1008585.8    27.383779    1019.6738 
  113000    378.67774    612.06678    64285.821   -1008609.1    18.042384    1020.0058 
  113500    380.15023     606.6359    65029.624   -1008629.5    23.694384    1023.2935 
  114000    381.39876    610.32157    64904.483   -1008637.8    20.327414    1017.5879 
  114500    380.99376    605.74863    63566.518   -1008634.3    20.515105    1013.7645 
  115000    379.82282    609.22791    63920.835   -1008622.9    23.499803    1021.9047 
  115500    380.97631    603.35249    62888.568   -1008605.2     27.62653    1020.9302 
  116000    382.93077    605.95911     62989.64   -1008610.5     18.44022    1023.1136 
  116500    383.06101    619.12456    63000.267   -1008622.9    22.178958    1023.1508 
  117000    381.76426    624.70809    62645.268   -1008634.8    25.995097    1024.1831 
  117500    378.40204    624.49309    62613.583   -1008657.8    17.330805    1020.8025 
  118000    381.94789    615.12032    62206.478   -1008675.9    19.659253    1021.3522 
  118500    381.26333    625.67544     62927.82   -1008678.3     20.38995    1028.3674 
  119000    378.40254    620.77217    62338.065   -1008667.9    18.257576    1023.0612 
  119500    380.37355    625.77292    62037.287     -1008654    21.416091    1022.4472 
  120000    381.82527    626.42968    61679.865   -1008658.4    19.672131    1020.8695 
  120500    381.32728    628.38924    62265.574   -1008688.6    19.772815    1024.6279 
  121000     383.4249    633.42442    61781.476   -1008713.2    20.401887    1026.8736 
  121500    384.80861    634.49322    59881.773     -1008738    17.755842     1022.548 
  122000    381.54392    640.01754    60259.919   -1008765.7     21.01917    1023.9203 
  122500    382.94571    631.54257    61370.641   -1008775.5    26.686931    1028.5113 
  123000    381.92006    644.90813    62474.991   -1008781.9    22.123251    1025.6876 
  123500    383.30958     635.4003     62018.72     -1008795    19.726928    1025.9894 
  124000    382.72969    640.57337    59660.747   -1008807.4    16.309868    1024.5537 
  124500    381.12614     633.5082    59013.448   -1008838.7    19.106709    1025.9285 
  125000     381.7885    633.44101    60253.346   -1008890.3    20.400742    1026.8523 
  125500    382.95388    625.81241    62884.706   -1008924.5    23.429558    1029.0066 
  126000    383.23534     627.4358    63388.615     -1008943    22.010334    1025.0839 
  126500    382.43985    615.50456    62548.394   -1008935.1    19.392654    1019.5854 
  127000    382.31907    598.99539    62534.507   -1008923.9    22.613809     1020.092 
  127500     382.2902    599.21154    63163.411   -1008922.9    19.476029    1022.0669 
  128000    381.01341    596.02025    64458.257   -1008929.3    18.827926    1020.7966 
  128500    378.90694    595.13908    66081.539   -1008937.2    17.051958    1024.4358 
  129000    377.58841    591.90899    65793.028   -1008948.4    29.052334    1020.6708 
  129500    376.24272     585.1525    65318.829   -1008940.5    16.383239    1015.7906 
  130000    377.26801    577.69011    65831.211   -1008896.3    19.410265    1019.2105 
  130500    374.69559    580.13039    67276.161   -1008851.1    15.452818    1016.0693 
  131000    378.10126    579.33279    68901.697   -1008812.8    15.694027    1017.8334 
  131500    374.34653    569.60131    69292.835   -1008771.4    24.688154     1020.236 
  132000    374.20909    569.69695     67919.96   -1008756.3    18.395257    1015.8367 
  132500    375.47675    567.28955    67994.281   -1008736.1     22.85224    1012.2627 
  133000    374.23772    557.11987    69030.233   -1008699.9    17.237786    1012.3696 
  133500    375.87475    561.48862    70048.535     -1008643    17.449428    1008.5138 
  134000    372.80083    548.73623    72669.102   -1008578.6    23.392946    1015.2806 
  134500    372.92945    551.26138    72502.122   -1008515.1    21.599692    1011.7967 
  135000    371.00377    551.22432    72744.966   -1008435.6    19.368659     1018.436 
  135500    373.52864    555.97859    72301.213   -1008355.8    17.687893    1012.3267 
  136000    369.83563    546.90639     72082.22   -1008305.5    17.940031    1007.9736 
  136500    368.55943    550.52586    73515.546   -1008260.3    16.194626     1011.575 
  137000    370.36627     546.1537    74302.252   -1008205.2    15.272586    1012.0611 
  137500    370.51346    540.68242    75337.392     -1008136    18.630356    1012.2446 
  138000    367.66668    545.48629     74831.54   -1008050.7    16.169463    1009.7765 
  138500    366.31383    542.34067    75255.712   -1007979.6    22.247814    1011.2959 
  139000    366.70722    540.50013     76981.14   -1007899.8    18.874769    1015.9683 
  139500    367.65667    542.93662    77058.007   -1007822.4    17.205349    1012.1709 
  140000    366.48508    546.66714    77319.634     -1007741    20.329858    1015.4774 
  140500    366.83685    552.73012    77493.299   -1007666.9    20.042987    1013.9545 
  141000    368.22188     556.2177    77433.901   -1007590.6    21.447224    1015.8589 
  141500    368.71274     563.3098    77139.619   -1007518.3     20.23568    1018.1623 
  142000    371.35237     575.5043    77949.477   -1007442.7    20.099407    1022.9469 
  142500    368.80051    578.59711    78469.811   -1007369.2    23.225178    1026.9902 
  143000    371.74053    574.85663    78165.127     -1007304    20.793818    1027.6902 
  143500    370.23221    575.37761    77302.293   -1007240.1    20.702242     1028.096 
  144000    370.63389     578.0232    75998.443   -1007184.9    16.488994    1025.8723 
  144500    371.98369     584.2242    76048.051     -1007135    21.352493     1032.221 
  145000    376.09893    588.96168    77767.517   -1007083.4    26.977949    1033.7146 
  145500    379.07081    592.03108    78683.404   -1007030.8    20.443272    1033.8477 
  146000    378.02753    594.67584    78871.532   -1006975.8    17.844479    1034.8136 
  146500    378.31756    595.13893    77796.674   -1006914.4    17.143727    1034.2375 
  147000    377.91896    594.80732    77525.253   -1006863.2    16.538521    1037.1616 
  147500     382.0535    586.31081    77924.884     -1006812    21.126895    1033.4658 
  148000    379.01107    583.89104    79553.401   -1006791.1    19.946088    1038.1776 
  148500    378.78752    582.12749    81741.999   -1006755.6    19.397518    1040.6634 
  149000    380.89367    582.06505    81523.074   -1006705.5    23.703382    1040.1945 
  149500    382.78773    588.38389    80911.216   -1006636.5    17.820888    1035.4053 
  150000     381.2531    580.28932    80563.048   -1006561.5    24.600187    1037.4216 
  150500    381.50653    576.18903    82431.968   -1006504.3    26.774995     1038.661 
  151000    380.88297    582.60456     84305.93   -1006452.9    19.390818    1043.0426 
  151500    382.13604    579.67951    83650.712   -1006416.2     17.94484    1037.8667 
  152000    378.58938    579.05849    83804.634     -1006365    17.696791    1040.7244 
  152500    382.05526    571.72674    84886.473   -1006309.7    16.772831    1039.2424 
  153000    378.85033     571.6262    85881.931   -1006238.4    20.896445    1040.1099 
  153500    380.25358    563.51892    87393.175   -1006160.7    18.701479    1043.9004 
  154000    378.97577    565.50807    88264.056     -1006071    20.218564     1044.631 
  154500    378.81914    568.02222    87551.578   -1005980.7    20.991354    1039.3194 
  155000    380.09571    571.68304    86692.483   -1005899.6    22.644709    1039.2734 
  155500    381.68678    565.04172    87927.663   -1005824.3    25.041307    1043.0084 
  156000    382.48336    567.33381     88859.79   -1005753.1    23.838895    1042.2096 
  156500    380.48022    561.41025    88180.084   -1005686.8    17.074539    1038.6468 
  157000    377.99014    557.60349    88592.308   -1005600.7    15.442143    1038.4591 
  157500    379.28474    553.53308    89555.976   -1005506.3    20.149173    1036.7311 
  158000    376.91742      555.268    91461.549   -1005419.2    24.974522       1042.9 
  158500    377.29159    558.28474    91795.007   -1005316.4    19.343599    1036.9796 
  159000      375.931    555.68661    90773.892   -1005224.7    18.631745    1036.8813 
  159500    374.70977    558.08436    90960.839   -1005117.7    17.619649    1038.8213 
  160000     374.8898    558.09654    91701.788   -1005027.5    17.976431    1039.6421 
  160500    375.70619    566.67344    93552.696   -1004936.1    16.644617    1042.7898 
  161000    373.73859    571.54197    93013.192   -1004839.5    19.580014    1046.8012 
  161500    376.29181    586.31674     91940.09   -1004742.2    17.071669    1044.6659 
  162000    377.51319    599.79462    91293.709   -1004664.2    17.412894    1050.0153 
  162500    376.09838    609.64821    90794.326   -1004608.6    23.726402    1054.2303 
  163000    378.91577    613.50789    90233.162   -1004575.6    22.520715    1054.1501 
  163500    380.47251    616.50601    89967.546   -1004563.2    18.234073    1058.9578 
  164000    381.04445     619.8279    89090.656   -1004552.4    16.377748    1059.1424 
  164500    381.16226    628.38824    88789.636   -1004552.3     18.64966    1058.0855 
  165000    380.82338    629.70122    89760.229   -1004549.1    27.417135    1060.0329 
  165500    380.14563    629.11195    91025.976   -1004547.8    17.529848    1057.2666 
  166000    381.15042     621.9343    91208.985   -1004540.5    18.998105    1053.4424 
  166500    379.65167    618.63207    89289.827   -1004537.3    20.606849    1054.0583 
  167000    376.41169    613.54683    89107.926   -1004526.3    18.795711    1056.7977 
  167500    375.39059    609.91436    88903.959   -1004507.2    21.789569     1052.727 
  168000    375.75185    616.78414    89771.037   -1004483.7    20.295107    1054.3228 
  168500    374.39485    611.45964    91100.299   -1004463.6    19.059091    1053.9459 
  169000    376.98036    615.60019    89878.342   -1004445.2    22.071061    1051.3677 
  169500    372.23229    618.66521    87682.441   -1004394.7    22.939357    1048.3846 
  170000    370.89532    632.79939    86866.707   -1004348.2    18.987776    1050.3234 
  170500    373.70839    659.40773    86494.985   -1004288.6    17.594228    1047.0128 
  171000    374.08075    688.53403    85534.825   -1004255.3    23.001574    1051.2107 
  171500    374.44793    705.63399    83602.055     -1004233      18.5352    1052.0637 
  172000    373.97136    735.85198    81129.684   -1004212.5    21.262968    1060.5387 
  172500    377.26914    764.42221    78414.714   -1004203.1    19.705188    1060.1485 
  173000    377.71676    791.23942    77016.328   -1004218.3    22.267824    1070.6529 
  173500    380.14446    812.81187    74494.318   -1004257.9    21.898196    1072.4016 
  174000    380.15626    825.35483    71259.958   -1004330.1    20.887561    1070.9065 
  174500    381.48842    842.50652    68371.198   -1004417.7    23.826589     1075.779 
  175000    385.34598    869.75997    64896.531   -1004535.4    19.817766    1074.1318 
  175500    382.71701    870.48199    64015.659   -1004659.7     20.27471    1075.9565 
  176000    384.95226    878.62913    64118.799   -1004787.6    21.078351    1072.5431 
  176500     386.6374    884.89728    64847.525   -1004901.6    21.891754    1073.5507 
  177000    386.06427     873.5614    64954.664   -1005005.1    25.085567    1074.4915 
  177500    387.71584    866.79708     63617.56   -1005115.8    22.543427    1073.2568 
  178000    387.37198     850.0834    63571.317   -1005212.8     18.32984    1075.2624 
  178500    390.10031    853.23708    63265.906   -1005314.2    20.171941    1071.6039 
  179000    387.04111    842.04739    63494.636     -1005422    18.550444    1072.6976 
  179500     388.7912    831.44943    64292.255   -1005520.3    21.005933    1067.2201 
  180000    389.80397    824.42182    62972.755   -1005603.3    20.703806    1065.4348 
  180500    392.02818    815.16225    63535.983   -1005669.3    18.101657    1061.4448 
  181000    389.73367     807.6586    63507.706   -1005734.4    20.978937    1060.0814 
  181500    392.04847    799.36056    63066.651   -1005797.6    17.586928     1057.213 
  182000    389.04654    792.95188    63827.154   -1005855.2    18.948723    1056.4593 
  182500    391.44383    784.69131    63848.434   -1005920.5    18.245713     1051.998 
  183000     390.0058    776.70091    65018.317   -1005987.3    22.148812    1053.5799 
  183500    386.46187    766.40847    65778.154   -1006044.1    22.720626    1054.4942 
  184000    389.40864    766.58741    65641.641   -1006079.2    18.655645    1048.5392 
  184500    387.08572    759.02677    65736.104   -1006103.1    17.485292    1046.2559 
  185000    386.38619    743.02858    66472.646   -1006107.1    18.113131    1044.4828 
  185500    385.30436    743.50574    68061.793   -1006105.8    17.636363    1048.8546 
  186000    386.28842    737.68998    67962.816   -1006113.1    19.161997    1044.2283 
  186500     386.2079    742.99356    67706.701   -1006133.3    17.695541     1043.233 
  187000    384.49263     729.6829    67160.352   -1006161.9    17.443799    1043.9768 
  187500    382.39411     720.5909     67512.91   -1006179.3    17.790733    1041.1587 
  188000    382.53833    717.14129     69831.17   -1006173.2    19.041567    1043.0838 
  188500    382.27741    714.38025    72052.499   -1006152.2    16.932436    1045.6093 
  189000    379.85215    721.05821    71093.841   -1006133.5     26.95437    1045.8431 
  189500    381.27112    715.16032    70791.172   -1006121.5    15.693504    1041.3415 
  190000    378.29279    710.35843    70967.702   -1006120.1    18.584133     1046.637 
  190500    379.43954    707.73821    71893.006   -1006113.8    22.065108    1044.8295 
  191000    378.12541    714.18827    73246.833   -1006107.2    16.806633    1043.2212 
  191500    377.26544    710.16695    73074.859     -1006106    21.073727    1039.4196 
  192000    376.88844    699.70297    73242.135   -1006085.1    16.947444    1039.6497 
  192500    374.96258    702.00285    72094.695     -1006044    17.928729    1033.7781 
  193000    374.97955    691.84818    73312.643   -1006009.8    17.533054     1038.773 
  193500    375.38833    695.85941    75283.841   -1005982.8    18.446304    1041.2547 
  194000    376.91338    689.20602    76438.036   -1005953.8     17.29641    1040.2094 
  194500    375.32663    687.39266    77099.627   -1005917.5    20.059515     1040.184 
  195000     375.0488    677.21812    76711.198   -1005891.9    23.636711    1040.8329 
  195500    375.01753    672.97146    77305.697   -1005854.7    16.588567    1037.2361 
  196000    376.84902    660.72522    78874.948   -1005816.9    21.283993    1037.3043 
  196500    375.45667    665.98083    80003.535   -1005768.3    17.149316     1037.682 
  197000     373.2031    662.17164    80458.964   -1005707.4    19.354886    1038.4856 
  197500    371.17323    659.26542    80285.795   -1005653.6    21.551287    1037.1719 
  198000    369.46911    663.04132    80004.352   -1005613.4    16.592344    1038.9079 
  198500    370.24885    662.39908    80801.849   -1005556.9    18.904875    1038.2313 
  199000    373.71443    665.50234    81803.035   -1005482.1    22.164965    1038.5836 
  199500    372.05134    669.45037    81940.477   -1005434.3    18.181062    1037.1841 
  200000    370.80282    665.22334    81809.102   -1005379.4    17.865076    1039.3904 
  200500    373.14681    666.33239    81530.818   -1005311.8    18.323466     1036.979 
  201000    371.72718    672.93694    82000.467   -1005253.1    24.597664    1039.6503 
  201500    372.34811    675.27615    82216.993   -1005191.7    18.202535    1041.9728 
  202000    371.25604    688.50068    80890.407   -1005129.1    25.347247    1043.7796 
  202500    374.36736    710.80299    80423.859   -1005070.8    22.913246    1048.7721 
  203000    373.11713    729.99454    78158.727   -1005020.9    23.119915    1048.9613 
  203500    373.54528    751.05872    76057.422     -1004987    22.785927    1055.5639 
  204000    376.13021    762.72164    74558.306   -1004970.9    21.377346    1056.0372 
  204500    380.67571    777.35225    72300.586   -1004950.4    17.552337    1057.2409 
  205000    382.40697     784.9247    69990.023   -1004968.1    24.653259    1053.7402 
  205500    385.18027    797.59435    68711.401   -1004988.4    20.701238    1055.6473 
  206000    386.91414    802.70728    66793.997   -1005018.3    28.031953    1058.9356 
  206500    388.67838    804.06129    65481.625   -1005063.8    19.711778    1058.7395 
  207000    390.87785    814.21065    63685.023   -1005120.3     27.12573    1059.7611 
  207500    392.51554    813.23792    64338.986   -1005192.5    29.878985    1064.5295 
  208000    396.72918    826.50583    64024.886   -1005256.2    30.397315    1060.2355 
  208500    397.35785    819.08375    64553.475   -1005314.6    22.478932    1065.5537 
  209000    397.01165    827.38969    63360.247   -1005382.8    19.122773    1061.8511 
  209500    397.80743    817.25734    61736.418   -1005453.9    23.148956    1062.1715 
  210000    396.91914    803.19365    60922.303   -1005518.4    20.071788    1061.5094 
  210500    398.59766     806.6672    61294.793     -1005599    23.108039    1060.5139 
  211000    400.29913    797.88081    61554.788   -1005675.7    15.786216    1057.2562 
  211500    398.04643    787.39655    62425.618   -1005738.7    24.384202    1056.9588 
  212000    398.91714    776.08487    62187.721   -1005796.9    18.430807    1051.6558 
  212500    398.58482    772.25011    62952.747   -1005853.5    21.625887    1053.5812 
  213000    395.36453    764.99887    63907.403   -1005902.3    22.530009    1051.3985 
  213500    396.43069    755.28102    66488.429   -1005949.3    17.976699    1054.0084 
  214000    394.62351    747.83951    67696.094   -1005985.3    28.958927    1048.2661 
  214500    391.75304    729.51405    68463.713   -1006011.4    17.607605    1050.4896 
  215000    391.22829    728.06152    67291.223   -1006029.2    17.359035    1040.1421 
  215500     389.6624    715.35947    68181.194     -1006040    18.089338    1042.2183 
  216000    388.29421    718.26663    70134.108   -1006052.5    18.823268     1041.823 
  216500    388.15532    719.05433    69976.099   -1006050.4    20.503582    1038.9129 
  217000    389.11147    708.08015    69371.771   -1006056.4    19.711535    1038.9616 
  217500    387.57569    712.03838    68441.644   -1006062.3    21.351738    1041.9964 
  218000    384.02394    715.17605     68007.19   -1006069.3    18.025412    1038.0558 
  218500    386.94282    711.97429    68677.883   -1006097.2    17.750693    1037.9479 
  219000    384.48726    716.99572     69903.07   -1006110.8    20.797267    1038.1711 
  219500    385.74254     713.6355    70566.073   -1006126.5    16.006704     1037.927 
  220000    383.37795     713.7521    71301.919   -1006128.2    19.463424    1041.3495 
  220500    382.76385    705.47216    71244.664   -1006125.8    21.105069    1038.8089 
  221000    381.89093    698.96299    71718.631   -1006126.4    19.322171    1036.8121 
  221500    379.96338     697.8527    73254.877   -1006127.9    18.698231    1038.8723 
  222000    380.70815    687.80498    73133.875   -1006121.1    18.171114    1036.7777 
  222500     380.3525    687.88531    73440.997   -1006111.3    20.092204    1033.8114 
  223000    380.32201    685.45569    73770.981   -1006099.6    17.277688    1035.7447 
  223500    378.09371    677.00334    73225.017     -1006092     15.64566    1032.9669 
  224000     380.3017    677.44179    74704.444   -1006070.6    19.752172    1035.1452 
  224500    380.66735    673.64907    75472.023   -1006051.3    18.353459    1031.6838 
  225000    378.98423    675.10983     76294.75     -1006029    16.444364    1030.8423 
  225500    376.34006    673.56431    76509.251     -1006006    17.777217    1031.7177 
  226000    376.26184    666.90066    76825.923   -1006004.7    23.841239    1034.3726 
  226500     375.3599    663.92039    76874.187   -1005986.2    16.402423     1029.859 
  227000    375.29714    659.40423    77779.869   -1005948.8    18.696318    1031.0103 
  227500    374.74756    653.78354    78656.968   -1005899.5    17.864565    1027.6412 
  228000    372.77596    657.02408    80082.605   -1005855.9    20.779801    1028.9397 
  228500     373.2238    665.19939    80483.524   -1005812.7    16.792048    1031.0348 
  229000    372.94474    661.45184    80917.754   -1005763.8    19.464075    1034.3935 
  229500    370.71035    666.49258    80031.457   -1005724.1    15.535707    1030.9259 
  230000    370.26522    671.63968    80018.074   -1005683.2    20.403708    1030.4594 
  230500    375.01432    671.66226    80050.012   -1005642.7    26.168569     1029.434 
  231000    373.42255    661.45111    81418.774   -1005603.6    15.404259     1032.993 
  231500    377.82567    668.48726    81689.868   -1005558.5    25.778554    1037.2449 
  232000     375.1664    672.94964    82078.922   -1005521.5    21.603055    1041.6696 
  232500    376.64317    673.03996    81049.491   -1005489.7    14.890621    1034.3693 
  233000    377.51302     675.1537    81730.379   -1005456.1    17.650256    1036.6697 
  233500    379.06494     672.2913    82381.724   -1005422.4    18.668585    1038.3188 
  234000    375.84795    671.22922    82113.182   -1005399.4    20.486953    1036.8648 
  234500    378.25705    671.67125    81863.994   -1005375.8     18.35124    1035.9906 
  235000    376.94868    665.71017    81466.823   -1005357.8    16.384321    1034.5137 
  235500    376.86722    670.11908    81602.112   -1005338.5    17.943923    1033.2933 
  236000    375.69006     665.4036    83166.022   -1005303.3    18.253099    1038.6427 
  236500    375.81732    675.13672    84725.277   -1005279.9    19.144041     1038.568 
  237000    373.79736    674.64174    83555.866   -1005247.8    27.680747    1037.9063 
  237500    377.40577    662.45187     83565.04   -1005206.9    18.361865    1039.3236 
  238000    377.26723    672.50998    83707.099   -1005177.9    18.684548    1041.0533 
  238500    378.85406    670.85828    85282.808   -1005135.3    17.856756    1039.9579 
  239000    377.51482    671.60963     86552.84   -1005109.1    17.208924    1037.7245 
  239500    378.59918    668.56445    87207.523   -1005079.9     17.11322     1040.031 
  240000    379.05053    662.03084     86916.67   -1005028.9    19.580026    1039.9219 
  240500    378.13106    659.15582    87285.643   -1004987.2    17.822565    1040.5495 
  241000      378.865    660.41054    88378.758   -1004956.5    18.038866    1039.5518 
  241500    379.31513    649.07557    90117.976   -1004914.2     16.32975    1042.0518 
  242000    377.91289    641.59475    91235.284   -1004868.1    15.878078    1043.0183 
  242500    377.90452    646.85327    90483.511   -1004823.1    19.842233    1040.3004 
  243000    376.63622    640.68153    90847.212   -1004779.3    15.647409    1032.0164 
  243500    374.58597     639.7036    92751.617   -1004724.1    24.236473    1036.7877 
  244000    374.58961    641.73641    93682.994   -1004644.7    15.547959    1035.0004 
  244500     376.6582    641.11233     95280.73   -1004572.3    19.062886    1036.5588 
  245000    372.36783    642.42078    95436.404   -1004501.8    20.759782    1038.2645 
  245500    375.41983     640.0453    95103.344     -1004430    21.090975    1039.4581 
  246000    376.82436    641.23372     95241.09     -1004359    16.672363    1036.2247 
  246500    375.91761    644.33278    95663.208   -1004296.6    20.195303    1040.7954 
  247000    375.32268    645.81043    97121.525   -1004216.7    20.407043    1038.6923 
  247500    376.04479    646.62979    97388.001   -1004144.4     16.10315    1037.9677 
  248000    374.35476    650.26193    98854.824   -1004068.4    16.147081    1044.7591 
  248500    375.09188    646.66566    98338.691   -1003991.8    27.898369    1045.4083 
  249000    377.26826    641.55285     98746.73   -1003927.5    19.179512    1041.9564 
  249500    377.49592     646.9942    98517.112   -1003863.7    18.772621    1044.6801 
  250000    379.14152    658.87448    100621.12   -1003793.5    25.146314    1046.0988 
  250500    378.62551     651.0522    101296.92   -1003723.7    17.109054    1046.7953 
  251000    377.14965    642.66394    101398.95   -1003681.3    16.796356    1047.0426 
  251500    378.16703    645.71055    101954.39   -1003628.5    21.883424    1045.1955 
  252000    375.73415    640.37961    101960.16   -1003565.8    17.746823    1045.9837 
  252500    378.26109    634.10111    101676.84   -1003483.9     14.92175    1040.6779 
  253000    378.78723    637.18889    103400.09   -1003423.2    18.344048    1045.2361 
  253500    377.24818    646.19148    105158.21   -1003356.6    16.102217    1052.3031 
  254000     378.2956    650.28151    105157.52   -1003290.6    19.814914    1048.8251 
  254500     377.3226    644.16888    104387.32   -1003237.9    29.895552    1047.3967 
  255000    378.29773    652.74089    104637.92   -1003180.7    17.791839    1047.5923 
  255500    379.62477    658.05151    105851.91   -1003122.3    21.544681    1051.8158 
  256000    379.16353    655.45242    105314.08   -1003053.8    15.684398    1052.4482 
  256500    380.40855    652.60647    106372.89   -1002988.7    18.725405    1056.4751 
  257000    378.20894    649.53455    106439.28   -1002918.4    17.440607    1054.3028 
  257500    379.33415    644.71259    106304.07   -1002852.9    17.169965    1055.4827 
  258000     379.1528    642.38894    106951.85   -1002787.9    17.740968    1052.2647 
  258500     378.1799    650.65354    109200.56   -1002719.7    21.130158    1055.7517 
  259000    379.41706    658.16509    109533.51   -1002655.7    20.207479    1056.6774 
  259500    379.36303    652.14202    110472.79   -1002591.6    23.919133    1059.1564 
  260000    379.32883    648.55133    111075.55   -1002508.6    16.141111    1059.0809 
  260500    378.87612       649.16    112826.68   -1002408.5    21.768068    1059.9421 
  261000    378.14906    652.05035    113528.78   -1002324.4    17.587944     1058.025 
  261500    377.83357     648.4602     113358.2   -1002249.7    23.319577    1061.3696 
  262000    378.31817    657.21485    113004.51   -1002170.2    17.070119    1062.3794 
  262500    378.23845    659.33675    113416.63     -1002080    18.706223    1065.2363 
  263000    379.28133    666.34598    112169.12   -1002009.1    19.002772    1060.7792 
  263500    379.74158    664.75691    112564.11   -1001960.4    16.614371    1063.3607 
  264000     379.9235    667.77069    113412.25   -1001899.1    19.605808     1063.082 
  264500    377.87804    670.12788    113144.89   -1001838.2    30.799424     1069.521 
  265000    379.11378     681.0507    114331.49   -1001788.6    17.576663    1068.8121 
  265500    378.31687    670.96852    113423.09   -1001723.1    20.490836    1067.8083 
  266000     380.4315    673.47358    114698.63   -1001653.7    17.273968    1071.3218 
  266500    379.52847    675.21002    115743.38   -1001591.9    33.796904    1071.2917 
  267000    380.61998     674.9977    116092.73   -1001534.1    20.755146    1073.0275 
  267500    381.21835    670.02422    116382.69     -1001485     21.94564    1072.6339 
  268000    381.50992    679.39514    116891.02     -1001419    17.628696    1072.8289 
  268500    380.32434    683.43409    116601.74   -1001361.4    20.948747    1075.5317 
  269000    380.84804    679.94772    117215.46   -1001305.2    16.583615    1081.7123 
  269500    379.02569    681.56913    116930.29     -1001245    20.946967    1077.3555 
  270000    380.33721    674.92984    117334.25   -1001203.5    22.159275    1078.1711 
  270500    381.99598     678.8483     117177.9   -1001140.8    16.979972    1076.4049 
  271000    382.16536    680.14012    117890.99   -1001086.7    20.111491    1079.7985 
  271500    383.12466    677.05465    118529.64   -1001041.2    21.755712    1080.3178 
  272000    381.86595    679.36949    119104.59   -1001014.6     20.29412    1079.5562 
  272500     380.9508    681.07819    119027.55   -1000976.1    18.436608    1078.3581 
  273000    379.18175    673.71553    120103.05   -1000928.2    24.266339    1081.9802 
  273500    382.70235    670.58156    119363.88   -1000880.5    17.215703    1077.6791 
  274000    381.82768    673.67818    121997.12   -1000833.3    23.473744    1082.1982 
  274500    380.78161    669.71156    122300.53   -1000785.9    21.613943    1081.3042 
  275000    376.17716    664.54952    121465.69   -1000720.3    18.801049     1075.852 
  275500    376.71041    661.16932    121237.65   -1000654.4    25.543114    1078.0746 
  276000    375.95517    669.12019    121700.67   -1000575.9    18.449577    1076.5965 
  276500    375.83821    670.40065     122820.1   -1000503.4    16.052301    1078.6361 
  277000    376.64572    672.16638    125355.77   -1000422.3    19.320518    1081.7731 
  277500    377.89177    672.11522    124952.88   -1000328.8    17.573214    1079.4392 
  278000      377.335    675.36925    125600.04   -1000242.1    20.907492     1082.624 
  278500    378.32694    674.87221    126230.88   -1000156.5    19.569775    1084.8052 
  279000    376.42492    665.21389    126863.54     -1000076    19.221722    1088.4167 
  279500    375.80053    676.77706    126686.01   -999984.39    22.027799    1080.3746 
  280000    375.12575    664.42203    128019.21   -999893.51    16.225791    1082.8346 
  280500    376.28882    659.24218     128902.4   -999799.59    16.775226    1079.9777 
  281000    376.33344    657.23364    130243.83   -999700.65    25.061388    1079.3109 
  281500    376.02701    648.52242    132075.99   -999614.63    17.932086    1082.0944 
  282000    376.88025    654.73247    133539.75   -999515.64    20.028551    1081.3864 
  282500    375.90084    654.14801    134529.42   -999400.76    19.638099    1080.1927 
  283000    373.95613    650.45841    134569.13   -999289.68    16.389349    1080.9476 
  283500    372.96594    653.04565    134273.94    -999171.2    17.644811    1080.2977 
  284000    371.16984    649.28725    134448.07   -999057.08    18.326273    1079.1734 
  284500    370.63821     663.1789    134621.64   -998944.35    18.390164    1084.0018 
  285000    372.60624     662.8302    135161.78   -998836.57     18.69364    1085.1271 
  285500    374.56753    671.93674    133263.57   -998735.72    25.643903    1085.1627 
  286000    374.04234    676.30958    133302.03   -998640.77    19.825663    1091.8006 
  286500    376.95331     685.6026    133046.34   -998549.84    22.009027     1092.551 
  287000    374.86815    702.04442    132706.27   -998465.38    20.387061    1096.0112 
  287500     378.0126    709.36332    132631.44   -998391.72    24.121793    1100.9051 
  288000    375.28547    717.89251    130911.47   -998325.96    20.752475    1099.2341 
  288500    376.91058    719.09009    129200.78   -998278.84    20.763397    1099.1852 
  289000    378.51473    719.17729     129531.7   -998239.58    18.730249    1106.9582 
  289500    381.78692    728.79131    128402.66   -998204.86    23.097201    1103.9371 
  290000    383.06184    744.72753    128893.37   -998171.66    22.636674    1102.0757 
  290500    381.84823    739.83718    129593.57   -998147.75    23.923718    1106.7588 
  291000    383.79777    736.47416    128548.99    -998125.7    21.805291    1107.4405 
  291500     382.6618     745.1251    127665.49   -998094.85    17.829176    1104.1154 
  292000    381.05495    756.23247    128753.66   -998061.69    24.361819    1107.4595 
  292500    382.06983    760.36184     128125.2   -998036.88    22.213165    1106.4661 
  293000    382.39676    757.71577    127547.84   -998005.51    21.580407    1107.2055 
  293500    384.48985     782.2974    126864.59   -997985.94    20.384794    1104.8964 
  294000    385.32742    804.84685    125523.18    -997971.8    18.904191      1109.97 
  294500    384.15311     832.8016    123316.05   -997967.43    21.286312     1119.019 
  295000    386.90229    854.06951    122226.83   -997968.03    20.424159    1125.5527 
  295500    388.21111    870.63867    118208.41   -997971.73    18.667453    1122.1596 
  296000    389.90655    890.03851    115107.07   -997978.86     21.59026    1122.8496 
  296500    393.58552     910.0118    112332.12   -997997.55    24.294406    1126.3507 
  297000    394.38397    929.77253    109382.88   -998024.27    28.434679    1129.3147 
  297500    394.45937     932.9554    106607.33   -998071.09    28.008281    1131.7431 
  298000    396.20576    964.94149    104878.66   -998146.15    19.207415    1134.5602 
  298500    400.21658    967.87173    103386.47   -998242.73     19.88729    1139.2757 
  299000     400.0559    969.61855    101242.43   -998352.93    45.415784    1138.2599 
  299500    401.56325    963.75562    101235.12   -998468.92    25.220553    1137.0761 
  300000    404.55001    975.11317    101012.23   -998559.86    20.377405    1134.3754 
  300500     408.4644    966.38703    103005.41   -998650.72    19.232413    1139.8073 
  301000    409.09055    966.85838     102291.2   -998735.96    19.388255    1139.3724 
  301500    410.47215    950.03108     103365.1   -998813.61    20.881591    1141.3786 
  302000    410.37236    950.52822    103173.24   -998885.55    20.359072    1138.3864 
  302500    413.40012    940.94552    102756.99   -998969.59    29.013223    1134.1672 
  303000    410.73452    945.44636    102027.62   -999039.13    23.892718    1130.2484 
  303500    411.98287    925.36659    102895.95   -999122.79     19.32263    1131.0408 
  304000    409.89502    926.40156    102969.37    -999203.1     29.89403    1128.8878 
  304500    411.29388    919.10844    103117.99   -999262.73    18.899206    1125.9554 
  305000    410.31002     899.9383    104028.75   -999318.71    20.603426    1128.0158 
  305500    408.31958    892.75928    103836.86   -999351.74    19.879715    1122.5051 
  306000    407.70877     894.0457    105711.37    -999385.8    22.175602     1120.982 
  306500    408.71674    875.94059    106925.08   -999424.91    18.496815    1120.2192 
  307000    404.83102    869.01486    107500.52   -999445.24    24.371233    1120.1395 
  307500    404.11196    863.79181    107658.16   -999469.15    23.857922    1116.4849 
  308000    402.98316    849.77891    109942.72   -999471.53    26.541851    1119.7603 
  308500    403.97708     836.8726    110444.88   -999475.44    17.444892    1117.7409 
  309000     402.1033    832.16363    112275.18   -999455.26    18.721048    1114.5945 
  309500    400.36351    830.24115    112451.37   -999437.72    20.587014    1109.6055 
  310000      399.818    818.76994    113451.59   -999398.58     18.49258    1111.5855 
  310500    397.04718    817.52258    113591.98   -999357.36    17.644241     1105.839 
  311000    395.43402    819.70325    113600.27   -999325.57    17.913269    1104.6219 
  311500    396.37434    811.19673    114875.66   -999284.77    17.494429    1109.9763 
  312000    395.00063    810.96413    115920.73    -999256.8    20.693266     1109.292 
  312500    394.71365    806.87205    115306.67   -999223.54    19.565652     1105.154 
  313000    391.18617     795.9293    116278.37   -999188.41    20.039243    1108.7616 
  313500    389.57482    797.64416    117147.56   -999149.58    20.652925    1112.4785 
  314000    392.27674    804.49832     117418.5   -999095.73     24.88307    1107.5927 
  314500    391.08557    807.33673    116778.53   -999052.43    15.508658    1103.3857 
  315000    390.18263    807.86084    116846.47   -999013.12    18.861435    1107.8792 
  315500    389.52393      828.545    116725.19   -998964.17    18.103001     1111.656 
  316000    388.56691    827.25584    115830.56   -998935.43      20.7157    1112.3267 
  316500    387.10948    837.99377    115187.99   -998903.68    22.716463    1116.9221 
  317000    387.31535    845.40027    113771.33   -998872.27    23.443689    1116.1612 
  317500     388.4741     839.2452    112982.14   -998869.02    28.714162    1112.5831 
  318000    389.11074    828.50163    112335.46   -998843.45    23.048594    1112.0956 
  318500    388.11008    828.92861    112627.21   -998835.52    17.168239    1114.3799 
  319000    389.29048     833.8796    113248.15    -998816.5    20.104093    1115.2932 
  319500    389.84096    841.89852    114311.28   -998798.59    19.230415    1113.0436 
  320000    389.71532    829.99492     114326.7   -998775.74    21.609575    1116.2407 
  320500    389.64646    830.41135    113092.07   -998746.49    18.520063    1110.7653 
  321000    388.19592    828.53756    113851.65   -998711.93    16.949423    1111.3196 
  321500    389.47807    826.47472    114469.86   -998675.57    26.186601    1112.1475 
  322000    390.58381    833.84906    114081.29   -998628.78     22.34153    1110.6616 
  322500    391.40205    841.82769    113630.94   -998606.85      21.2517    1112.2751 
  323000    391.48756    829.09016    112407.41   -998571.16    23.215987     1111.993 
  323500    390.46083    837.17616    112537.35   -998538.52    21.277997    1117.2534 
  324000    392.26883    838.47861    112090.09   -998522.93     17.23944    1111.3542 
  324500    393.11327    831.96441       111117   -998510.23    17.609772    1110.7851 
  325000    389.80198    821.47818    111930.45   -998499.84    20.662656    1114.6098 
  325500    390.04721     828.6844    112163.31   -998482.51    18.347818     1108.259 
  326000    389.62267    827.49256    112845.84    -998461.9    18.784775    1112.4331 
  326500    391.99371    836.84688    114528.66   -998431.18     26.01606    1113.8538 
  327000    389.32802    829.95318    115175.66      -998403    18.430413    1115.4572 
  327500     390.2076    826.37755     115721.6   -998365.92    23.206842    1114.0314 
  328000    388.25402    832.08627     115580.5   -998323.24     20.00128    1110.7102 
  328500    390.58085    823.90712    115670.63   -998273.69     20.14575    1115.2909 
  329000    389.01298    823.82377    115257.03    -998231.5    28.369168    1111.0462 
  329500    389.71256    828.21758    114959.72   -998190.58    21.528399    1111.4004 
  330000    393.70403     827.1484    114301.41   -998142.13    17.533365     1112.621 
  330500    390.23824    834.81996    112313.69   -998086.31    17.952846     1107.796 
  331000    393.08048    840.98127    113182.79   -998057.23    19.734808    1108.6801 
  331500    392.61985    841.22569    113054.59    -998010.9    25.522518    1114.9843 
  332000    393.56887     845.7993    113057.46   -997976.48    20.612889    1114.1248 
  332500     394.3196    851.38852    112749.77   -997952.33    25.910492    1118.1716 
  333000    397.95697    866.47974    110511.56   -997926.37    19.883337    1110.7579 
  333500    395.96376    867.81357    110063.64   -997898.05     23.46444     1119.882 
  334000    396.03257    871.54544    108895.68   -997874.28    19.332634    1117.4323 
  334500    396.26688    881.15459    107927.18   -997859.15    23.068815    1119.8351 
  335000    397.11963    884.13299    106919.27   -997863.75    25.151115    1120.9328 
  335500    396.05283    890.20501    104950.52   -997869.88    19.910509    1119.9024 
  336000     399.3709    895.22486       104630   -997873.66    23.058112    1119.8645 
  336500    397.68359    905.93675    103733.88   -997881.78    21.482139    1119.6337 
  337000    401.95975    914.71388    103768.59   -997882.69     17.96953    1124.1553 
  337500    399.58324    912.08549    102761.04   -997894.61    24.964666    1123.1002 
  338000    400.29582    913.49722    102940.91   -997909.47    24.355699    1128.3626 
  338500    401.82889    918.13682    100903.75   -997917.61    20.980571    1124.9233 
  339000    402.88594    921.77637    100206.63   -997935.42    25.589041    1123.3803 
  339500     404.3133    933.25556    98745.232   -997958.97     26.03914    1125.0865 
  340000      407.583    935.78435    98174.101   -997989.43    19.973109    1128.5365 
  340500    409.67355    942.66275    96660.201   -998027.11    19.469614    1124.9906 
  341000    410.30509    935.68856    96763.862   -998070.71    24.510422    1125.9637 
  341500    411.48269    935.61748    96555.131   -998122.11    19.016565    1123.8809 
  342000    408.43155    931.44118    96895.588   -998182.65    21.846632    1124.9702 
  342500    412.16208     931.4596    96387.729   -998232.91    24.173194    1121.9237 
  343000    410.90591    932.39468    95839.087   -998280.05    18.911443    1120.3864 
  343500    410.36321    928.27766    95367.921      -998315    22.350708    1118.8236 
  344000    407.93493    918.89566    96243.828   -998350.92    31.113009    1119.7474 
  344500    411.17087    919.08134    96913.087   -998385.29    24.697953    1124.6577 
  345000    411.66404    916.18973     96478.23   -998423.89    17.742848    1121.8422 
  345500    410.63892    911.80511    96296.388   -998455.11    17.389401    1120.2276 
  346000    410.46955    911.66817    95020.486   -998485.09    21.007123    1118.0848 
  346500    411.68601    915.18941    95037.272   -998518.71    19.248712    1115.8756 
  347000    412.38352    929.43206    95053.608   -998543.65    22.173868    1116.6637 
  347500    411.70338     927.3115    95086.771   -998574.69    19.189896    1120.2859 
  348000    411.10647    914.29523    94706.467   -998595.53      21.1765    1122.8555 
  348500    409.68071    915.33595    93711.495   -998638.71    18.901189    1116.2734 
  349000    410.85982     912.0861    94356.616   -998676.79    21.570813    1115.5304 
  349500    411.80223    905.62532    95630.921   -998723.26    16.639217    1116.3753 
  350000    413.40247    892.12139    94993.902   -998753.02    18.081985    1115.2445 
  350500    408.58235    890.37019    95332.932   -998775.97    25.578803    1117.4307 
  351000    408.32216     898.0175     96200.18   -998800.05    24.094863    1117.8428 
  351500    407.99042    888.64612    97745.746    -998818.4    24.784416    1117.0741 
  352000    406.26673    892.87118    99253.103   -998859.87      19.9964    1115.3168 
  352500    405.09409    883.09963    98827.568   -998882.99    20.250335    1114.2783 
  353000    405.34904    881.23137    99316.129    -998894.6    17.639937    1111.0584 
  353500    403.57187    870.52395    98630.471   -998895.25    20.633734    1107.4069 
  354000    403.97355    869.08905    99124.443   -998892.49    18.999777    1106.6068 
  354500    404.84324    867.93144     99805.31   -998871.16    22.787895    1106.5271 
  355000    400.17379    853.51481    100711.29   -998857.08    21.531134    1109.6064 
  355500    400.27801    849.81089    100391.51   -998843.44    18.328867    1104.0247 
  356000    399.40586    852.83545    101355.94   -998820.94     18.31875    1104.6679 
  356500    398.62192    842.47248    101844.15   -998798.02     17.33273    1102.3004 
  357000    397.88498    837.57912    103843.81   -998779.26    19.722452    1100.7099 
  357500    398.39397    833.37799    105965.29   -998750.11    16.801546     1104.302 
  358000    396.72246     824.5337    105964.45   -998710.02    19.639835    1103.9685 
  358500     393.8388     818.4998    107616.58   -998667.97    18.876522    1103.7669 
  359000    392.78002    817.75274       108618    -998612.7    22.175961     1103.331 
  359500    392.55706      819.555     109305.9   -998561.72     16.25856      1101.26 
  360000    390.12884    822.77012    110693.73   -998513.18    20.453325    1104.0159 
  360500    392.71697    812.05537    110263.12   -998461.98    22.612068    1104.2643 
  361000    391.03112    809.42417     109226.8   -998415.85    18.871281    1102.3186 
  361500     392.8914    821.53376    108825.09   -998360.19    18.330595     1097.754 
  362000    394.55854    814.71625    108815.86   -998310.01    22.075128    1102.1887 
  362500    395.23402    819.93026    110223.17   -998266.29    26.922428    1104.3423 
  363000    394.55321    823.10493    109050.27   -998228.44    18.453703    1105.3117 
  363500    393.11614    825.81276    108366.52   -998199.81    25.120042    1105.3557 
  364000    392.26552    833.41624    107877.67   -998170.75    17.754819    1106.1777 
  364500    390.33547    824.75826    108258.86    -998136.2    29.372568    1110.5124 
  365000    392.20613    832.56589    107872.14   -998097.91    18.268692    1104.0693 
  365500    391.84379    831.09456    107386.37   -998050.65    24.614647    1106.4364 
  366000     391.6944    838.43867    107618.57   -998021.69    19.834373    1103.8522 
  366500    390.24188    837.08019    108441.93   -997990.06    22.688901    1108.0831 
  367000    392.22056    829.14386    109384.85   -997953.47    20.789948    1111.0335 
  367500    394.42103    833.65713    109583.65   -997911.82    17.099537    1106.2299 
  368000    393.88627    835.75918     109847.9   -997867.26    19.549613    1106.1275 
  368500    394.95465    837.51439    110125.49   -997811.33    18.920659     1109.183 
  369000    395.50261    838.83763    111536.46   -997764.18    20.267995     1111.773 
  369500    395.93994    834.77497    111694.88   -997729.84    20.804492    1113.2079 
  370000    398.10774    828.15745    111668.47   -997698.41    21.952714     1112.769 
  370500    396.42399        826.4    110652.11   -997664.69    21.105741    1106.8586 
  371000    396.86881    822.42522     110591.6    -997623.7    18.810168    1109.2486 
  371500    395.92659    817.88809    111345.88   -997591.11    25.952899    1108.6803 
  372000     394.8977    815.23749    112340.35      -997551    19.554908    1110.4465 
  372500    393.30681    816.13887    113000.14   -997511.89    24.825509    1111.5741 
  373000    396.28464    813.03987    113612.37    -997468.9    19.846383     1106.968 
  373500    392.80188    815.85031    114477.64   -997410.06    20.006364    1106.5177 
  374000    395.46716    816.72292     115388.8   -997352.92    17.184686    1108.9447 
  374500    395.82116    826.13872    116221.27   -997305.67    16.515757    1106.8776 
  375000      396.097     816.0774    115776.24   -997248.69    17.837289    1109.0026 
  375500    393.98823    809.80889    115432.63   -997196.21     19.18481    1105.8314 
  376000    394.08762    810.52301    115691.16   -997148.72    18.805311    1101.5945 
  376500    394.15208    802.11228    117115.56   -997089.49    19.079353    1104.7744 
  377000    391.17601    798.65305       118796   -997016.97    18.753408    1109.2777 
  377500    394.25118    796.22255    120296.11   -996957.39    19.700569    1108.2786 
  378000    391.56942    790.41183    120277.01   -996871.74     17.06364    1104.1616 
  378500    391.04257    786.64786    121181.82   -996794.96    22.839064    1106.0049 
  379000    393.48243    788.34686    121940.05   -996712.51    27.508891    1104.8378 
  379500      391.444     787.4022    122332.84   -996632.68    21.083616    1103.9371 
  380000    390.15219    787.42383     122270.2   -996549.57    21.108958    1107.5283 
  380500    390.75372    798.13312    121562.76   -996475.66    24.035196    1101.3669 
  381000    390.86755    788.49246    122464.15   -996401.65    19.009422    1105.7878 
  381500     390.4042    792.00556    123236.79   -996321.51    18.314022    1108.3413 
  382000     390.0199    795.51798    124018.24   -996235.84    20.906813    1111.1792 
  382500    387.45161    793.34142    124659.85   -996155.01     23.06471    1113.5801 
  383000    389.11547    793.42395    124020.13   -996079.46     18.21023    1110.3625 
  383500    390.92178    811.84385    123601.21   -996003.92    17.815094    1108.7079 
  384000    388.36401    810.12184    124881.48   -995940.65    18.024876    1115.3709 
  384500    391.64121    826.15593    123927.44    -995886.1      21.0753    1119.5772 
  385000    388.30974    827.88496     121443.1   -995850.89     22.56044    1123.3497 
  385500    390.30212    829.25779    121452.25   -995824.86    21.531102    1119.2621 
  386000    390.08339    829.65667    122126.88   -995797.67    21.220657      1121.28 
  386500    390.20586     829.1012    122823.06   -995777.38     20.58025    1120.8913 
  387000    388.69421    836.00234    124238.94   -995742.77    20.647581    1124.6001 
  387500    390.41184    826.56414    124837.81   -995718.98    21.569413    1130.7194 
  388000    391.46977    833.30179    126251.34   -995699.05    21.146494     1129.977 
  388500    390.75616    826.44888    127456.33   -995673.05    17.722407     1131.308 
  389000     391.5507    833.00673     127150.9   -995641.17    21.794661    1125.3664 
  389500    390.09428    818.86742    127096.26   -995598.73     21.21592    1133.2027 
  390000      392.301    826.22231    126776.07   -995561.53    19.737772    1129.7702 
  390500    390.14104    831.12264    126600.02   -995533.03    23.393072    1127.5455 
  391000     389.4402    830.87686    127952.48   -995504.85    18.518604    1132.5736 
  391500    390.52822    822.20992    127855.24   -995489.12    18.149638     1132.521 
  392000    389.79642    820.82763    128171.75   -995468.02    18.998183    1132.7275 
  392500    390.42635    819.65265    129785.68   -995437.62    18.306459    1131.8232 
  393000    389.29991    817.98617     130975.6   -995402.07    20.306834    1135.3673 
  393500    388.86538    819.23199    131342.39   -995365.17    18.473792     1133.846 
  394000    391.98193    819.25855     132421.3   -995327.62    18.924252    1130.3083 
  394500    390.22885    804.02434    132015.32   -995281.34    24.101103    1134.4985 
  395000    388.97434    799.20038    132356.44   -995250.42    26.033717    1131.8271 
  395500     389.5609    803.29606    132421.05   -995211.14    18.155973    1126.4039 
  396000    390.23616    792.11148    133044.18   -995168.51    19.509339    1128.8326 
  396500    388.79221    798.31441    133905.61   -995109.44     19.59293    1128.4384 
  397000    387.33573    793.60566    135791.03   -995054.73    17.638978    1127.7203 
  397500    385.36174    785.52814    135985.08   -995011.64    24.519895    1131.0507 
  398000    385.32038    788.48952    137034.12   -994955.91    29.237839     1130.758 
  398500    385.08354    776.51705    137895.44   -994883.69      22.1628    1129.9698 
  399000    384.03479    782.37188    139166.72   -994811.45    21.066181    1127.8499 
  399500    385.83498     774.6972    139477.09   -994728.07    18.422948    1127.7662 
  400000    386.23412    772.65481    140946.15   -994651.99    18.261377    1125.7003 
Loop time of 114796 on 1 procs for 400000 steps with 148490 atoms

Pair  time (%) = 30007.2 (26.1397)
Neigh time (%) = 4121.33 (3.59014)
Comm  time (%) = 3895.02 (3.393)
Outpt time (%) = 650.197 (0.566394)
Other time (%) = 76122 (66.3108)

Nlocal:    148490 ave 148490 max 148490 min
Histogram: 1 0 0 0 0 0 0 0 0 0
Nghost:    75063 ave 75063 max 75063 min
Histogram: 1 0 0 0 0 0 0 0 0 0
Neighs:    0 ave 0 max 0 min
Histogram: 1 0 0 0 0 0 0 0 0 0
FullNghs:  1.08906e+07 ave 1.08906e+07 max 1.08906e+07 min
Histogram: 1 0 0 0 0 0 0 0 0 0

Total # of neighbors = 10890626
Ave neighs/atom = 73.3425
Neighbor list builds = 40000
Dangerous builds = 0
#run   133333  # if vx = -3.0
#run	200000  # if vx = -2.0
#run   400000  # if vx = -1.0



######################################
# SIMULATION DONE

shell echo "Cutting simulation has completed -- ${respath}" | mail -s "LAMMPS - simulation done" chris-fung1125@hotmail.com
shell curl -u ***REMOVED***: https://api.pushbullet.com/v2/pushes -d type=note -d device_iden="***REMOVED***" -d title="Push from KhrisU" -d body="LAMMPS -- Simulation is finish"



print "All done"
All done

