
###############################################################
# Input file for nanocutting of Cubic SiC with a diamond tool #
# Chris Fung, June 2013                                       #
# Input Variable:                                             #
# rA    rake angle of diamond tool (in degree)                #
###############################################################

package cuda gpu/node 1 0
package omp 2 force/neigh
using multi-threaded neighbor list subroutines
prefer double precision OpenMP force kernels

# ------------------------ INITIALIZATION ----------------------------
units 		metal
dimension	3
boundary	s	s	p
atom_style	atomic

variable a equal 4.3667  # lattice constant of 3C-SiC
variable b equal 3.571   # lattice constant of diamond
variable c equal $a/$b   # ratio of a and b
variable c equal 4.3667/$b   
variable c equal 4.3667/3.571   
variable dx equal 70*$c  # datum position x of tool region
variable dx equal 70*1.22282273872865  
variable dy equal 5*$c   # datum position y of tool region
variable dy equal 5*1.22282273872865   
variable lx equal 31     # x dimension of tool region
variable ly equal 31     # y dimension of tool region
variable dx1 equal ${dx}+${lx}   # xhi of tool region
variable dx1 equal 85.5975917110055+${lx}   
variable dx1 equal 85.5975917110055+31   
variable dy1 equal ${dy}+${ly}   # yhi of tool region
variable dy1 equal 6.11411369364325+${ly}   
variable dy1 equal 6.11411369364325+31   
variable lr equal 4      # tool edge radius
variable rx equal ${dx}+${lr} # x-coordinate of the centre of edge radius
variable rx equal 85.5975917110055+${lr} 
variable rx equal 85.5975917110055+4 
variable ry equal ${dy}+${lr}                           # y-coordinate of the centre of edge radius
variable ry equal 6.11411369364325+${lr}                           
variable ry equal 6.11411369364325+4                           
variable rakeangle equal ${rA}/180*PI   # degree of rake angle / 180 * PI
variable rakeangle equal 30/180*PI   
variable rkshiftX equal -${ly}*tan(${rakeangle})   # x offset for tiling
variable rkshiftX equal -31*tan(${rakeangle})   
variable rkshiftX equal -31*tan(0.523598775598299)   
variable frx equal ${rx}-${lr}*cos(${rakeangle})
variable frx equal 89.5975917110055-${lr}*cos(${rakeangle})
variable frx equal 89.5975917110055-4*cos(${rakeangle})
variable frx equal 89.5975917110055-4*cos(0.523598775598299)
variable fry equal ${ry}-${lr}*sin(${rakeangle})
variable fry equal 10.1141136936433-${lr}*sin(${rakeangle})
variable fry equal 10.1141136936433-4*sin(${rakeangle})
variable fry equal 10.1141136936433-4*sin(0.523598775598299)
variable clearangle equal 10/180*PI  # degree of clearance angle / 180 * PI
variable fcx1 equal ${rx}+${lr}*sin(${clearangle})  # xlo of trimfc for clearance face
variable fcx1 equal 89.5975917110055+${lr}*sin(${clearangle})  
variable fcx1 equal 89.5975917110055+4*sin(${clearangle})  
variable fcx1 equal 89.5975917110055+4*sin(0.174532925199433)  
variable fcx2 equal ${fcx1}+${ly}                    # xhi of trimfc
variable fcx2 equal 90.2921844216732+${ly}                    
variable fcx2 equal 90.2921844216732+31                    
variable fcy1 equal ${ry}-${lr}*cos(${clearangle})  # ylo of trimfc
variable fcy1 equal 10.1141136936433-${lr}*cos(${clearangle})  
variable fcy1 equal 10.1141136936433-4*cos(${clearangle})  
variable fcy1 equal 10.1141136936433-4*cos(0.174532925199433)  
variable fcy2 equal ${fcy1}+${lx}*tan(${clearangle}) # yhi of trimfc
variable fcy2 equal 6.17488268159447+${lx}*tan(${clearangle}) 
variable fcy2 equal 6.17488268159447+31*tan(${clearangle}) 
variable fcy2 equal 6.17488268159447+31*tan(0.174532925199433) 
variable bx1 equal ${dx1}-1                        # xlo of fixed boundary of tool region
variable bx1 equal 116.597591711006-1                        
variable bx2 equal ${bx1}-3                        # xlo of thermostatic boundary of tool region
variable bx2 equal 115.597591711006-3                        
variable by1 equal ${dy1}-1                        # ylo of fixed boundary of tool region
variable by1 equal 37.1141136936432-1                        
variable by2 equal ${by1}-3                        # ylo of thermostatic boundary of tool region
variable by2 equal 36.1141136936432-3                        

variable wh equal 10     # height of workpiece region
variable doc equal ${wh}-${dy}
variable doc equal 10-${dy}
variable doc equal 10-6.11411369364325

lattice fcc $a
lattice fcc 4.3667
Lattice spacing in x,y,z = 4.3667 4.3667 4.3667
region		whole block 0 99 0 47 0 9
create_box	3 whole
Created orthogonal box = (0 0 0) to (432.303 205.235 39.3003)
  1 by 1 by 1 MPI processor grid

# ----------------------- ATOM DEFINITION ----------------------------

# create C atoms for diamond tool
lattice diamond $b orient x 1 0 0 orient y 0 1 0 origin 0 0 0.4
lattice diamond 3.571 orient x 1 0 0 orient y 0 1 0 origin 0 0 0.4
Lattice spacing in x,y,z = 3.571 3.571 3.571

# define the shape, dimension, and initial position of cutting tool
region cut_toolB block ${frx} ${dx1} ${dy} ${dy1} INF INF
region cut_toolB block 86.1334900958678 ${dx1} ${dy} ${dy1} INF INF
region cut_toolB block 86.1334900958678 116.597591711006 ${dy} ${dy1} INF INF
region cut_toolB block 86.1334900958678 116.597591711006 6.11411369364325 ${dy1} INF INF
region cut_toolB block 86.1334900958678 116.597591711006 6.11411369364325 37.1141136936432 INF INF
region rakeface prism ${frx} ${dx1} ${fry} ${dy1} INF INF  ${rkshiftX} 0 0
region rakeface prism 86.1334900958678 ${dx1} ${fry} ${dy1} INF INF  ${rkshiftX} 0 0
region rakeface prism 86.1334900958678 116.597591711006 ${fry} ${dy1} INF INF  ${rkshiftX} 0 0
region rakeface prism 86.1334900958678 116.597591711006 8.1141136936433 ${dy1} INF INF  ${rkshiftX} 0 0
region rakeface prism 86.1334900958678 116.597591711006 8.1141136936433 37.1141136936432 INF INF  ${rkshiftX} 0 0
region rakeface prism 86.1334900958678 116.597591711006 8.1141136936433 37.1141136936432 INF INF  -17.8978583448784 0 0
region cut_toolR cylinder z ${rx} ${ry}  4 INF INF
region cut_toolR cylinder z 89.5975917110055 ${ry}  4 INF INF
region cut_toolR cylinder z 89.5975917110055 10.1141136936433  4 INF INF
region trimboxfr block EDGE ${rx} EDGE ${fry} INF INF side out
region trimboxfr block EDGE 89.5975917110055 EDGE ${fry} INF INF side out
region trimboxfr block EDGE 89.5975917110055 EDGE 8.1141136936433 INF INF side out
region trimboxfc block ${rx} EDGE EDGE ${fcy1} INF INF side out
region trimboxfc block 89.5975917110055 EDGE EDGE ${fcy1} INF INF side out
region trimboxfc block 89.5975917110055 EDGE EDGE 6.17488268159447 INF INF side out
region cut_toolBR union 2 cut_toolB rakeface
region cut_toolTr intersect 3 cut_toolBR trimboxfr trimboxfc
region cut_tool union 2 cut_toolTr cut_toolR

region trimfc prism ${fcx1} ${fcx2} ${fcy1} ${fcy2} INF INF ${lx} 0 0
region trimfc prism 90.2921844216732 ${fcx2} ${fcy1} ${fcy2} INF INF ${lx} 0 0
region trimfc prism 90.2921844216732 121.292184421673 ${fcy1} ${fcy2} INF INF ${lx} 0 0
region trimfc prism 90.2921844216732 121.292184421673 6.17488268159447 ${fcy2} INF INF ${lx} 0 0
region trimfc prism 90.2921844216732 121.292184421673 6.17488268159447 11.6410190835569 INF INF ${lx} 0 0
region trimfc prism 90.2921844216732 121.292184421673 6.17488268159447 11.6410190835569 INF INF 31 0 0

#define boundaries of cutting tool
region ctTop block ${dx} ${dx1} ${by1} ${dy1} INF INF
region ctTop block 85.5975917110055 ${dx1} ${by1} ${dy1} INF INF
region ctTop block 85.5975917110055 116.597591711006 ${by1} ${dy1} INF INF
region ctTop block 85.5975917110055 116.597591711006 36.1141136936432 ${dy1} INF INF
region ctTop block 85.5975917110055 116.597591711006 36.1141136936432 37.1141136936432 INF INF
region ctxEnd block ${bx1} ${dx1} ${dy} ${dy1} INF INF
region ctxEnd block 115.597591711006 ${dx1} ${dy} ${dy1} INF INF
region ctxEnd block 115.597591711006 116.597591711006 ${dy} ${dy1} INF INF
region ctxEnd block 115.597591711006 116.597591711006 6.11411369364325 ${dy1} INF INF
region ctxEnd block 115.597591711006 116.597591711006 6.11411369364325 37.1141136936432 INF INF
region ctTSbottom block ${dx} ${bx1} ${by2} ${by1} INF INF
region ctTSbottom block 85.5975917110055 ${bx1} ${by2} ${by1} INF INF
region ctTSbottom block 85.5975917110055 115.597591711006 ${by2} ${by1} INF INF
region ctTSbottom block 85.5975917110055 115.597591711006 33.1141136936432 ${by1} INF INF
region ctTSbottom block 85.5975917110055 115.597591711006 33.1141136936432 36.1141136936432 INF INF
region ctTSxEnd block ${bx2} ${bx1} ${dy} ${by1} INF INF
region ctTSxEnd block 112.597591711006 ${bx1} ${dy} ${by1} INF INF
region ctTSxEnd block 112.597591711006 115.597591711006 ${dy} ${by1} INF INF
region ctTSxEnd block 112.597591711006 115.597591711006 6.11411369364325 ${by1} INF INF
region ctTSxEnd block 112.597591711006 115.597591711006 6.11411369364325 36.1141136936432 INF INF
region ctbound union 2 ctTop ctxEnd
region ctTSbound union 2 ctTSbottom ctTSxEnd

# create C atoms of diamond tool and make a nano-groove on the flank face
create_atoms 1 region cut_tool
Created 105853 atoms


delete_atoms region trimfc
Deleted 5522 atoms, new total = 100331


group gpCTall region  cut_tool
100331 atoms in group gpCTall
group gpCTbd  region  ctbound
4961 atoms in group gpCTbd
group gpCTtsbd  region  ctTSbound
13926 atoms in group gpCTtsbd
group gpCTmob subtract gpCTall gpCTbd gpCTtsbd
81444 atoms in group gpCTmob



print "diamond tool created"
diamond tool created
#------------------------------------------------------------

# define the lattice of cubic SiC (two atom types form two interpenetrating face-centered cubic lattices)

# define the shape and dimension of the workpiece
lattice fcc 4.3667 origin 0 0 0 orient x 1 0 0 orient y 0 1 0
Lattice spacing in x,y,z = 4.3667 4.3667 4.3667

# define the boundaries for workpiece
region workpiece block 0 65 0 ${wh} INF INF
region workpiece block 0 65 0 10 INF INF
region wpbottom block 0 65 0 1 INF INF
region wpxEnd block 0 1 0 ${wh} INF INF
region wpxEnd block 0 1 0 10 INF INF
region wpTSbottom block 1 65 1 2 INF INF
region wpTSxEnd block 1 2 1 ${wh} INF INF
region wpTSxEnd block 1 2 1 10 INF INF
region wpbound union 2 wpbottom wpxEnd
region wpTSbound union 2 wpTSbottom wpTSxEnd

# create Si atoms for SiC workpiece
create_atoms	2 region workpiece
Created 24759 atoms

# offset origin for 1/4 unit cell for C atoms
lattice fcc 4.3667 origin 0.25 0.25 0.25 orient x 1 0 0 orient y 0 1 0
Lattice spacing in x,y,z = 4.3667 4.3667 4.3667
create_atoms	3 region workpiece
Created 23400 atoms


# groups atoms
group gpWPall region workpiece
48159 atoms in group gpWPall
group gpWPbd region wpbound
6687 atoms in group gpWPbd
group gpWPtsbd region wpTSbound
6507 atoms in group gpWPtsbd
group gpWPmob subtract gpWPall gpWPbd gpWPtsbd
36288 atoms in group gpWPmob




print "Workpiece created"
Workpiece created

#-------------------------------------------------


# define the mass of atoms
mass 1 12 #.0107 # C (g/mol)
mass 2 28 #.0855 # Si (g/mol)
mass 3 12 #.0107 # C (g/mol)

#group Si type 2
#group C type 1 3

lattice fcc 4.3667 origin 0 0 0
Lattice spacing in x,y,z = 4.3667 4.3667 4.3667


# ------------------------ FORCE FIELDS ------------------------------

#pair_style	atomistica Tersoff
#pair_coeff	* *  C Si C

pair_style	tersoff

pair_coeff	* * SiC_Erhart-Albe.tersoff C Si C

# ------------------------- SETTINGS ---------------------------------
######################################
# EQUILIBRATION

# set temperature at 300 K
compute myCTtemp gpCTmob temp
compute myWPtemp gpWPmob temp
velocity all create 300 102456 dist uniform

fix 1 gpWPall nvt temp 300.0 300.0 0.05 #iso 1.0 1.0 0.5
fix 2 gpCTall nvt temp 300.0 300.0 0.05 #iso 1.0 1.0 0.5

reset_timestep	0
timestep 0.0005 # set 1 femtosecond per step

fix 3 gpWPbd move linear 0 0 0
fix 4 gpCTbd move linear 0 0 0

fix 10 all balance 100  0.9 shift xy 10 1.05 out pre_cut/tmp.balance.log
fix 13 all property/atom mol

set group gpCTmob mol 1
  81444 settings made for mol
set group gpCTtsbd mol 2
  13926 settings made for mol
set group gpCTbd mol 3
  4961 settings made for mol

set group gpWPmob mol 4
  36288 settings made for mol
set group gpWPtsbd mol 5
  6507 settings made for mol
set group gpWPbd mol 6
  6687 settings made for mol


# Display thermo

thermo 	100
#compute		eCSP all centro/atom fcc
#compute atomke all ke/atom
dump	 e0dumpCSP all custom 1000 pre_cut/dump.cutsic_eq.doc${doc}.*.lammpstrj id type mol element x y z vx vy vz # c_atomke
dump	 e0dumpCSP all custom 1000 pre_cut/dump.cutsic_eq.doc3.88588630635675.*.lammpstrj id type mol element x y z vx vy vz 
dump_modify e0dumpCSP element C Si C

# backup initial state and every 1000 steps
write_restart pre_cut/cut_sic_eq.restart.0000
No /omp style for force computation currently active
WARNING: One or more atoms are time integrated more than once (../modify_cuda.cpp:225)
restart 1000 pre_cut/cut_sic_eq.restart



# Run for at least 10 picosecond
print "start run equilibration"
start run equilibration


run 10000
No /omp style for force computation currently active
WARNING: One or more atoms are time integrated more than once (../modify_cuda.cpp:225)
Memory usage per processor = 74.1351 Mbytes
Step Temp E_pair E_mol TotEng Press Volume 
       0          300   -1030954.2            0   -1025196.1   -9508.7418    2161366.2 
WARNING: # CUDA: You asked for a Verlet integration using Cuda, but several fixes have not yet been ported to Cuda.
This can cause a severe speed penalty due to frequent data synchronization between host and GPU. (../verlet_cuda.cpp:629)
     100     156.2168   -1028403.8            0   -1025405.4   -1650.7046    2162775.7 
     200    183.25907   -1028528.7            0   -1025011.3   -1112.6107    2164812.6 
     300    191.02462   -1028224.5            0   -1024558.1    1528.9946    2164553.3 
     400    209.65743   -1028091.2            0   -1024067.1    3789.5817      2165295 
     500    213.86966   -1027652.8            0   -1023547.9     5272.295    2165493.2 
     600    232.84059   -1027481.9            0   -1023012.8    8394.3945    2167382.5 
     700    246.74182   -1027210.9            0     -1022475     9482.434    2171155.4 
     800     261.3691   -1026966.4            0   -1021949.8    11010.305    2172184.3 
     900    268.72764     -1026611            0   -1021453.1    10935.227    2172036.4 
    1000    282.80483   -1026437.3            0   -1021009.2    11133.537    2173869.6 
    1100    291.63937   -1026266.4            0   -1020668.7    10669.568    2175528.8 
    1200    296.33224     -1026173            0   -1020485.3    10477.507    2176126.7 
    1300    300.19112   -1026170.2            0   -1020408.4    8935.3728    2177846.5 
    1400    302.47446   -1026217.9            0   -1020412.3     8008.888    2180932.2 
    1500    302.53762   -1026343.1            0   -1020536.3    5913.8508    2181580.1 
    1600    299.30876   -1026447.6            0   -1020702.7     3508.841    2181459.2 
    1700    300.95394   -1026567.6            0   -1020791.2    1844.9542    2179965.7 
    1800    299.99321   -1026569.9            0     -1020812   -284.52447    2178904.5 
    1900    299.87338   -1026564.1            0   -1020808.4    -2051.716    2177082.4 
    2000    298.43794     -1026526            0   -1020797.9   -4185.4326    2174481.2 
    2100    297.78699   -1026488.6            0   -1020772.9   -5791.0254    2174690.5 
    2200     299.9057   -1026499.5            0   -1020743.2   -7343.9021    2176028.5 
    2300    301.35093   -1026501.5            0   -1020717.4   -7852.7767    2171039.4 
    2400    300.35637   -1026463.1            0   -1020698.2   -8477.1205    2168032.6 
    2500     298.5158   -1026405.5            0   -1020675.9   -8787.3269    2164862.9 
    2600    297.28072   -1026338.2            0   -1020632.2   -9328.4634    2164180.3 
    2700    299.92064   -1026332.5            0   -1020575.9   -9650.5009    2163172.7 
    2800    301.91522   -1026324.7            0   -1020529.9   -9765.8033    2161472.5 
    2900    302.75737     -1026325            0   -1020513.9   -9986.6238    2162220.3 
    3000    301.00163   -1026312.2            0   -1020534.9   -9155.7882    2162434.7 
    3100    297.23707   -1026250.3            0   -1020545.2   -8578.8849    2162090.8 
    3200    297.78184   -1026230.1            0   -1020514.5    -7521.499    2161366.2 
    3300    299.94792   -1026237.6            0   -1020480.5   -6853.9459    2161366.2 
    3400     301.3379   -1026281.1            0   -1020497.3   -5793.9311    2161366.2 
    3500    302.84222   -1026373.3            0   -1020560.6   -4536.4245    2161366.2 
    3600    301.01607   -1026414.7            0   -1020637.1   -3314.4984    2161366.2 
    3700    301.52464   -1026479.8            0   -1020692.4   -2215.5321    2161485.8 
    3800    299.67649     -1026466            0   -1020714.1   -1682.6131    2161366.2 
    3900    300.18681     -1026469            0   -1020707.3   -1105.7116    2161366.2 
    4000    300.11133   -1026452.9            0   -1020692.7   -572.46397    2161366.2 
    4100    301.21132   -1026491.1            0   -1020709.7   -41.561571    2161366.2 
    4200     299.0387   -1026513.4            0   -1020773.8    481.75276    2161659.8 
    4300    297.55862   -1026558.4            0   -1020847.1    899.17815    2162112.1 
    4400    298.07486   -1026588.5            0   -1020867.3     1328.887    2163137.3 
    4500    297.23968     -1026506            0   -1020800.9    1183.4742    2163455.5 
    4600    299.31785   -1026421.6            0   -1020676.6    1592.2676    2164345.7 
    4700    301.76088   -1026379.1            0   -1020587.2    1924.3818    2165651.7 
    4800    302.25958   -1026383.4            0   -1020581.9     2122.378    2166032.2 
    4900    299.52112   -1026374.5            0   -1020625.6    2074.1547    2166929.8 
    5000    298.79654   -1026370.5            0   -1020635.5    1607.2843    2168916.5 
    5100    299.07765     -1026315            0   -1020574.6    1754.2683    2170307.9 
    5200    301.76885   -1026299.3            0   -1020507.2    2334.4382    2172946.1 
    5300    303.15789   -1026346.7            0     -1020528    2738.0729    2178345.2 
    5400    301.50757   -1026422.4            0   -1020635.3    2937.3743    2176468.3 
    5500    301.08381   -1026520.5            0   -1020741.6    3042.6126    2179916.5 
    5600    297.56118     -1026515            0   -1020803.7    3025.4252    2180103.2 
    5700    299.59305   -1026553.1            0   -1020802.8    2772.9322    2179052.2 
    5800     299.2785   -1026503.3            0     -1020759    2247.6816    2180326.9 
    5900    300.75903   -1026502.6            0   -1020729.9    2422.6843    2177435.3 
    6000    301.15684   -1026534.7            0   -1020754.4    2342.9197    2173822.5 
    6100    299.39239   -1026557.7            0   -1020811.2    2002.2864    2172233.9 
    6200    298.24133   -1026563.9            0   -1020839.5    1619.1556    2170225.3 
    6300    298.27966   -1026528.1            0     -1020803    1525.5803    2167241.3 
    6400    300.77579   -1026480.9            0   -1020707.9     1318.582    2165299.1 
    6500    302.38335   -1026406.6            0   -1020602.7     839.4182    2161892.1 
    6600    303.36248   -1026374.8            0   -1020552.2   -92.664735    2161366.2 
    6700    301.23602   -1026354.6            0   -1020572.8   -1516.5652    2161366.2 
    6800    298.90089   -1026338.9            0   -1020601.9   -2844.0848    2161366.2 
    6900    299.59366   -1026327.4            0   -1020577.1   -4131.0988    2161366.2 
    7000    301.27467   -1026305.5            0   -1020522.9   -5075.2737    2161366.2 
    7100     302.2079   -1026313.9            0   -1020513.4   -6479.2783    2161366.2 
    7200    300.70489   -1026354.9            0   -1020583.2   -7778.2424    2161366.2 
    7300    298.48007   -1026405.4            0   -1020676.5   -9110.2708    2161366.2 
    7400    296.32087   -1026404.2            0   -1020716.7   -10103.666    2161366.2 
    7500    298.50321   -1026401.9            0   -1020672.5   -10772.284    2161366.2 
    7600    301.96969   -1026395.3            0   -1020599.4   -10986.273    2161366.2 
    7700    301.42637   -1026360.2            0   -1020574.7   -10891.212    2161366.2 
    7800    300.14604   -1026369.2            0   -1020608.3   -10458.802    2161366.2 
    7900    298.25118   -1026375.2            0   -1020650.6   -10006.061    2161366.2 
    8000    299.03586   -1026395.7            0   -1020656.1    -9101.202    2161366.2 
    8100    299.71313   -1026381.9            0   -1020629.3   -7798.7489    2161366.2 
    8200    301.78537   -1026397.8            0   -1020605.4   -6217.8662    2161366.2 
    8300    301.10066   -1026400.8            0   -1020621.6   -4350.3453    2161582.3 
    8400    300.37272   -1026434.1            0   -1020668.8   -2653.0043    2162263.8 
    8500      301.223     -1026506            0   -1020724.4   -1140.7092    2163748.4 
    8600    299.38482   -1026518.2            0   -1020771.8    462.85269      2166197 
    8700    298.71104   -1026510.4            0     -1020777    1912.9723    2169972.5 
    8800    300.44157   -1026505.2            0   -1020738.6    3374.1671    2169733.7 
    8900    300.76839   -1026465.4            0   -1020692.5     4901.559      2172120 
    9000    299.98696   -1026425.6            0   -1020667.8    6282.2637    2170946.5 
    9100     299.9342   -1026419.6            0   -1020662.7    7514.7892    2172696.9 
    9200    299.46601   -1026402.1            0   -1020654.3    8662.7461      2175015 
    9300    299.72148   -1026381.9            0   -1020629.1    9898.4659    2174778.9 
    9400    300.05384   -1026353.3            0   -1020594.2     10505.37    2174434.5 
    9500    300.67734   -1026346.6            0   -1020575.5    10637.219    2175753.2 
    9600    301.25241   -1026381.7            0   -1020599.6    10317.528      2178064 
    9700    299.26181   -1026398.2            0   -1020654.3    9380.4716    2181334.8 
    9800    299.35063   -1026449.4            0   -1020703.8    8081.9389    2181976.3 
    9900    299.47445   -1026480.1            0   -1020732.1    6407.8434    2181993.3 
   10000    300.76113   -1026532.9            0   -1020760.1    4810.7368    2183078.3 
Loop time of 2782.76 on 1 procs for 10000 steps with 148490 atoms

Pair  time (%) = 564.557 (20.2877)
Neigh time (%) = 10.3669 (0.372541)
Comm  time (%) = 19.0506 (0.684593)
Outpt time (%) = 13.4624 (0.48378)
Other time (%) = 2175.32 (78.1714)

Nlocal:    148490 ave 148490 max 148490 min
Histogram: 1 0 0 0 0 0 0 0 0 0
Nghost:    74793 ave 74793 max 74793 min
Histogram: 1 0 0 0 0 0 0 0 0 0
Neighs:    0 ave 0 max 0 min
Histogram: 1 0 0 0 0 0 0 0 0 0
FullNghs:  1.04842e+07 ave 1.04842e+07 max 1.04842e+07 min
Histogram: 1 0 0 0 0 0 0 0 0 0

Total # of neighbors = 10484224
Ave neighs/atom = 70.6056
Neighbor list builds = 103
Dangerous builds = 0

unfix 1
unfix 2
unfix 3
unfix 4
print "Complete equilibration process"
Complete equilibration process

#uncompute eCSP
#undump e0dumpCSP

######################################
# DEFORMATION

# move the tool to closer

#displace_atoms gpCTall move -4.9 0 0

reset_timestep	0
timestep 0.001

# rescale the temperature of thermostatic boundaries to 300 K

fix 1 all nve

fix 3 gpWPbd move linear 0 0 0
fix 4 gpCTbd move linear 0 0 0


# Output strain and stress info to file
# for units metal, pressure is in [bars] = 100 [kPa] = 1/10000 [GPa]
# p2, p3, p4 are in GPa

## Use cfg for AtomEye
#dump 		1 all cfg 2000 pre_cut/dump.cutsic_*.cfg id type xs ys zs c_csym


# Display thermo
#thermo 100
#compute atomdisp  all displace/atom
#compute atomstres all stress/atom
dump	 0dumpCSP all custom 100 pre_cut/dump.cutsic.doc${doc}.lammpstrj id type mol element x y z vx vy vz #c_atomdisp[4] c_atomstres[1] c_atomstres[2] c_atomstres[3] c_atomstres[4] c_atomstres[5] c_atomstres[6]
dump	 0dumpCSP all custom 100 pre_cut/dump.cutsic.doc3.88588630635675.lammpstrj id type mol element x y z vx vy vz 
dump_modify 0dumpCSP element C Si C

#write_restart pre_cut/cut_sic.restart.0000
restart 1000 pre_cut/cut_sic.restart
#run		0


######################################
# SIMULATION DONE
print "All done"
All done
shell echo "Cutting simulation has completed -- cut_sic_eq" | mail -s "LAMMPS - simulation done" chris-fung1125@hotmail.com
shell curl -u ***REMOVED***: https://api.pushbullet.com/v2/pushes -d type=note -d device_iden="***REMOVED***" -d title="Push from KhrisU" -d body="LAMMPS -- Simulation is finish"

